
Log for 'COBRAProblem' Clone_1 (V12.9.0.0) Wed Mar 24 14:18:05 2021


Log for 'COBRAProblem' Clone_1 (V12.9.0.0) Wed Mar 24 14:18:05 2021


Log for 'COBRAProblem' Clone_1 (V12.9.0.0) Wed Mar 24 14:19:36 2021


Log for 'COBRAProblem' Clone_1 (V12.9.0.0) Wed Mar 24 14:19:36 2021


Log for 'COBRAProblem' Clone_1 (V12.9.0.0) Wed Mar 24 14:20:10 2021


Log for 'COBRAProblem' Clone_1 (V12.9.0.0) Wed Mar 24 14:20:11 2021


Log for 'COBRAProblem' Clone_1 (V12.9.0.0) Wed Mar 24 14:20:19 2021


Log for 'COBRAProblem' Clone_1 (V12.9.0.0) Wed Mar 24 14:20:19 2021


Log for 'COBRAProblem' Clone_1 (V12.9.0.0) Wed Mar 24 14:20:25 2021


Log for 'COBRAProblem' Clone_1 (V12.9.0.0) Wed Mar 24 14:20:25 2021


Log for 'COBRAProblem' Clone_1 (V12.9.0.0) Wed Mar 24 14:25:39 2021


Log for 'COBRAProblem' Clone_1 (V12.9.0.0) Wed Mar 24 14:25:39 2021


Log for 'COBRAProblem' Clone_1 (V12.9.0.0) Wed Mar 24 14:25:47 2021


Log for 'COBRAProblem' Clone_1 (V12.9.0.0) Wed Mar 24 14:25:48 2021


Log for 'COBRAProblem' Clone_1 (V12.9.0.0) Wed Mar 24 14:34:58 2021


Log for 'COBRAProblem' Clone_1 (V12.9.0.0) Wed Mar 24 14:34:59 2021


Log for 'COBRAProblem' Clone_1 (V12.9.0.0) Wed Mar 24 14:43:04 2021


Log for 'COBRAProblem' Clone_1 (V12.9.0.0) Wed Mar 24 14:43:04 2021


Log for 'COBRAProblem' Clone_1 (V12.9.0.0) Wed Mar 24 14:43:17 2021


Log for 'COBRAProblem' Clone_1 (V12.9.0.0) Wed Mar 24 14:43:17 2021


Log for 'COBRAProblem' Clone_1 (V12.9.0.0) Wed Mar 24 14:44:17 2021


Log for 'COBRAProblem' Clone_1 (V12.9.0.0) Wed Mar 24 14:44:18 2021


Log for 'COBRAProblem' Clone_1 (V12.9.0.0) Wed Mar 24 14:46:30 2021


Log for 'COBRAProblem' Clone_1 (V12.9.0.0) Wed Mar 24 14:46:31 2021


Log for 'COBRAProblem' Clone_1 (V12.9.0.0) Wed Mar 24 14:46:36 2021


Log for 'COBRAProblem' Clone_1 (V12.9.0.0) Wed Mar 24 14:46:36 2021


Log for 'COBRAProblem' Clone_1 (V12.9.0.0) Wed Mar 24 14:53:23 2021


Log for 'COBRAProblem' Clone_1 (V12.9.0.0) Wed Mar 24 14:53:23 2021


Log for 'COBRAProblem' Clone_1 (V12.9.0.0) Wed Mar 24 14:54:07 2021


Log for 'COBRAProblem' Clone_1 (V12.9.0.0) Wed Mar 24 14:54:08 2021


Log for 'COBRAProblem' Clone_1 (V12.9.0.0) Wed Mar 24 14:55:16 2021


Log for 'COBRAProblem' Clone_1 (V12.9.0.0) Wed Mar 24 14:55:16 2021


Log for 'COBRAProblem' Clone_1 (V12.9.0.0) Wed Mar 24 14:55:24 2021


Log for 'COBRAProblem' Clone_1 (V12.9.0.0) Wed Mar 24 14:55:24 2021


Log for 'COBRAProblem' Clone_1 (V12.9.0.0) Wed Mar 24 14:55:40 2021


Log for 'COBRAProblem' Clone_1 (V12.9.0.0) Wed Mar 24 14:55:41 2021


Log for 'COBRAProblem' Clone_1 (V12.9.0.0) Wed Mar 24 14:57:46 2021


Log for 'COBRAProblem' Clone_1 (V12.9.0.0) Wed Mar 24 14:57:46 2021


Log for 'COBRAProblem' Clone_1 (V12.9.0.0) Wed Mar 24 14:58:13 2021


Log for 'COBRAProblem' Clone_1 (V12.9.0.0) Wed Mar 24 14:58:13 2021


Log for 'COBRAProblem' Clone_1 (V12.9.0.0) Wed Mar 24 14:58:57 2021


Log for 'COBRAProblem' Clone_1 (V12.9.0.0) Wed Mar 24 14:58:57 2021


Log for 'COBRAProblem' Clone_1 (V12.9.0.0) Wed Mar 24 14:59:31 2021


Log for 'COBRAProblem' Clone_1 (V12.9.0.0) Wed Mar 24 14:59:31 2021


Log for 'COBRAProblem' Clone_1 (V12.9.0.0) Wed Mar 24 14:59:45 2021


Log for 'COBRAProblem' Clone_1 (V12.9.0.0) Wed Mar 24 14:59:45 2021


Log for 'COBRAProblem' Clone_1 (V12.9.0.0) Wed Mar 24 15:00:08 2021


Log for 'COBRAProblem' Clone_1 (V12.9.0.0) Wed Mar 24 15:00:08 2021


Log for 'COBRAProblem' Clone_1 (V12.9.0.0) Wed Mar 24 15:02:09 2021


Log for 'COBRAProblem' Clone_1 (V12.9.0.0) Wed Mar 24 15:02:09 2021


Log for 'COBRAProblem' Clone_1 (V12.9.0.0) Wed Mar 24 15:02:38 2021


Log for 'COBRAProblem' Clone_1 (V12.9.0.0) Wed Mar 24 15:02:38 2021


Log for 'COBRAProblem' Clone_1 (V12.9.0.0) Wed Mar 24 15:03:06 2021


Log for 'COBRAProblem' Clone_1 (V12.9.0.0) Wed Mar 24 15:03:06 2021


Log for 'COBRAProblem' Clone_1 (V12.9.0.0) Wed Mar 24 15:03:15 2021


Log for 'COBRAProblem' Clone_1 (V12.9.0.0) Wed Mar 24 15:03:15 2021


Log for 'COBRAProblem' Clone_1 (V12.9.0.0) Wed Mar 24 15:03:15 2021


Log for 'COBRAProblem' Clone_1 (V12.9.0.0) Wed Mar 24 15:03:15 2021


Log for 'COBRAProblem' Clone_1 (V12.9.0.0) Wed Mar 24 15:03:15 2021


Log for 'COBRAProblem' Clone_1 (V12.9.0.0) Wed Mar 24 15:03:15 2021


Log for 'COBRAProblem' Clone_1 (V12.9.0.0) Wed Mar 24 15:03:16 2021


Log for 'COBRAProblem' Clone_1 (V12.9.0.0) Wed Mar 24 15:03:16 2021


Log for 'COBRAProblem' Clone_1 (V12.9.0.0) Wed Mar 24 15:05:27 2021


Log for 'COBRAProblem' Clone_1 (V12.9.0.0) Wed Mar 24 15:05:27 2021


Log for 'COBRAProblem' Clone_1 (V12.9.0.0) Wed Mar 24 15:05:36 2021


Log for 'COBRAProblem' Clone_1 (V12.9.0.0) Wed Mar 24 15:05:36 2021


Log for 'COBRAProblem' Clone_1 (V12.9.0.0) Wed Mar 24 15:05:36 2021


Log for 'COBRAProblem' Clone_1 (V12.9.0.0) Wed Mar 24 15:05:36 2021


Log for 'COBRAProblem' Clone_1 (V12.9.0.0) Wed Mar 24 15:05:36 2021


Log for 'COBRAProblem' Clone_1 (V12.9.0.0) Wed Mar 24 15:05:36 2021


Log for 'COBRAProblem' Clone_1 (V12.9.0.0) Wed Mar 24 15:05:37 2021


Log for 'COBRAProblem' Clone_1 (V12.9.0.0) Wed Mar 24 15:05:37 2021


Log for '' Clone_1 (V12.9.0.0) Wed Mar 24 15:07:16 2021


Log for '' Clone_1 (V12.9.0.0) Wed Mar 24 15:07:16 2021


Log for '' Clone_1 (V12.9.0.0) Wed Mar 24 15:07:18 2021


Log for '' Clone_1 (V12.9.0.0) Wed Mar 24 15:07:18 2021


Log for 'CPLEX' Clone_1 (V12.9.0.0) Wed Mar 24 15:07:20 2021


Log for 'COBRAProblem' Clone_1 (V12.9.0.0) Wed Mar 24 15:19:49 2021


Log for 'COBRAProblem' Clone_1 (V12.9.0.0) Wed Mar 24 15:19:50 2021


Log for 'COBRAProblem' Clone_1 (V12.9.0.0) Wed Mar 24 15:20:00 2021


Log for 'COBRAProblem' Clone_1 (V12.9.0.0) Wed Mar 24 15:20:00 2021


Log for 'COBRAProblem' Clone_1 (V12.9.0.0) Wed Mar 24 15:20:00 2021


Log for 'COBRAProblem' Clone_1 (V12.9.0.0) Wed Mar 24 15:20:00 2021


Log for 'COBRAProblem' Clone_1 (V12.9.0.0) Wed Mar 24 15:20:00 2021


Log for 'COBRAProblem' Clone_1 (V12.9.0.0) Wed Mar 24 15:20:01 2021


Log for 'COBRAProblem' Clone_1 (V12.9.0.0) Wed Mar 24 15:20:01 2021


Log for 'COBRAProblem' Clone_1 (V12.9.0.0) Wed Mar 24 15:20:01 2021


Log for '' Clone_1 (V12.9.0.0) Wed Mar 24 15:22:26 2021


Log for '' Clone_1 (V12.9.0.0) Wed Mar 24 15:22:26 2021


Log for '' Clone_1 (V12.9.0.0) Wed Mar 24 15:22:29 2021


Log for '' Clone_1 (V12.9.0.0) Wed Mar 24 15:22:29 2021


Log for 'CPLEX' Clone_1 (V12.9.0.0) Wed Mar 24 15:22:31 2021


Log for 'COBRAProblem' Clone_1 (V12.9.0.0) Wed Mar 24 15:36:31 2021


Log for 'COBRAProblem' Clone_1 (V12.9.0.0) Wed Mar 24 15:36:31 2021


Log for 'COBRAProblem' Clone_1 (V12.9.0.0) Wed Mar 24 15:36:51 2021


Log for 'COBRAProblem' Clone_1 (V12.9.0.0) Wed Mar 24 15:36:51 2021


Log for 'CPLEX' Clone_1 (V12.9.0.0) Wed Mar 24 15:36:51 2021

Tried aggregator 0 times.
Reduced presolve eliminated 6 rows and 12 columns.
Reduced LP has 1834 rows, 2797 columns, and 13545 nonzeros.
Presolve time = 0.01 sec. (3.41 ticks)
Symmetry aggregator did 382 additional substitutions.
Tried aggregator 0 times.
Reduced presolve eliminated 10 rows and 13 columns.
Reduced LP has 1633 rows, 2593 columns, and 13083 nonzeros.
Presolve time = 0.00 sec. (1.32 ticks)
Parallel mode: using up to 10 threads for barrier.

***NOTE: Found 3 dense columns.

Number of nonzeros in lower triangle of A*A' = 15233
Using Approximate Minimum Degree ordering
Total time for automatic ordering = 0.01 sec. (3.54 ticks)
Summary statistics for Cholesky factor:
  Threads                   = 10
  Rows in Factor            = 1636
  Integer space required    = 8753
  Total non-zeros in factor = 45216
  Total FP ops to factor    = 2084336
 Itn      Primal Obj        Dual Obj  Prim Inf Upper Inf  Dual Inf Inf Ratio
   0  -2.2113783e+07  -2.5495493e+09  3.04e+08  4.35e+07  3.62e+02  1.00e+00
   1  -2.1997251e+07  -2.4472608e+09  3.03e+08  4.33e+07  3.47e+02  1.94e-03
   2  -2.0741369e+07  -2.1586445e+09  2.87e+08  4.10e+07  3.07e+02  2.01e-04
   3  -1.8649641e+07  -2.0531905e+09  2.61e+08  3.73e+07  2.92e+02  1.34e-04
   4  -1.6444104e+07  -1.9497166e+09  2.35e+08  3.37e+07  2.77e+02  6.74e-05
   5  -1.4300795e+07  -1.5206488e+09  2.09e+08  2.99e+07  2.16e+02  2.37e-05
   6  -1.2928478e+07  -1.4263495e+09  1.90e+08  2.72e+07  2.03e+02  2.14e-05
   7  -9.4819053e+06  -8.8951367e+08  1.43e+08  2.04e+07  1.26e+02  1.53e-05
   8  -5.5310687e+06  -3.5177683e+08  8.43e+07  1.21e+07  5.00e+01  1.73e-05
   9  -2.5373306e+06  -1.3696437e+08  3.70e+07  5.28e+06  1.95e+01  3.33e-05
  10  -1.3090152e+06  -7.5452172e+07  1.88e+07  2.68e+06  1.07e+01  5.62e-05
  11  -9.2446482e+05  -5.1639594e+07  1.32e+07  1.89e+06  7.34e+00  7.90e-05
  12  -5.6179656e+05  -2.4247875e+07  7.91e+06  1.13e+06  3.44e+00  1.54e-04
  13  -4.9052991e+05  -1.8393613e+07  6.88e+06  9.83e+05  2.61e+00  1.99e-04
  14  -2.2862591e+05  -1.2776641e+07  3.26e+06  4.66e+05  1.81e+00  2.55e-04
  15  -2.0023978e+05  -1.1668344e+07  2.73e+06  3.91e+05  1.66e+00  2.98e-04
  16  -9.8347684e+04  -4.7319571e+06  1.30e+06  1.86e+05  6.71e-01  7.55e-04
  17  -6.4816329e+04  -2.6246349e+06  8.35e+05  1.19e+05  3.72e-01  1.33e-03
  18  -4.2563280e+04  -1.4401874e+06  5.37e+05  7.67e+04  2.04e-01  2.38e-03
  19  -3.3319873e+04  -1.1875294e+06  4.17e+05  5.96e+04  1.68e-01  2.86e-03
  20  -2.9801603e+04  -9.8722846e+05  3.72e+05  5.32e+04  1.40e-01  3.39e-03
  21  -1.2872633e+04  -5.7342601e+05  1.55e+05  2.22e+04  8.11e-02  5.95e-03
  22  -7.4479751e+03  -2.7450012e+05  8.90e+04  1.27e+04  3.88e-02  1.23e-02
  23  -2.2778737e+03  -1.0101553e+05  2.63e+04  3.76e+03  1.43e-02  3.43e-02
  24  -1.4339441e+03  -5.4493105e+04  1.64e+04  2.35e+03  7.70e-03  6.43e-02
  25  -4.0453243e+02  -1.1656990e+04  4.51e+03  6.44e+02  1.65e-03  3.43e-01
  26  -1.3342467e+02  -3.6744541e+03  1.40e+03  2.00e+02  5.18e-04  1.16e+00
  27  -6.1428097e+01  -7.2849766e+02  6.43e+02  9.19e+01  1.03e-04  5.94e+00
  28  -5.6296582e+00  -7.0534980e+01  5.83e+01  8.32e+00  1.00e-05  6.43e+01
  29  -3.1978245e-01  -5.5863738e+00  3.52e+00  4.65e-01  8.05e-07  8.31e+02
  30  -1.8034244e-02  -4.7940542e+00  1.45e+00  2.52e-02  6.87e-07  9.80e+02
  31  -1.3729036e-03  -6.7268546e-01  8.40e-02  1.29e-03  1.03e-07  7.00e+03
  32  -5.4002094e-04  -7.0163713e-02  5.74e-03  6.70e-05  5.19e-08  6.79e+04
  33  -5.4495200e-04  -1.0166555e-02  3.73e-03  3.76e-05  6.05e-08  4.96e+05
  34  -5.9190893e-04  -2.9137342e-03  4.46e-03  1.77e-05  7.61e-08  2.17e+06
  35  -6.3750655e-04  -1.6025524e-03  1.98e-02  7.73e-06  2.78e-08  5.43e+06
  36  -6.4140948e-04  -1.5602446e-03  3.37e-02  6.73e-06  2.68e-08  5.69e+06
  37  -6.4340042e-04  -1.4316176e-03  3.16e-02  6.29e-06  1.75e-08  6.68e+06
  38  -6.4812346e-04  -1.2284228e-03  3.11e-02  5.22e-06  2.14e-08  9.24e+06
  39  -6.4829007e-04  -1.2185131e-03  3.10e-02  5.33e-06  3.58e-08  9.43e+06
  40  -6.5425508e-04  -1.1045237e-03  2.67e-02  3.98e-06  3.87e-08  1.21e+07
  41  -6.5474690e-04  -1.0322046e-03  2.60e-02  3.86e-06  1.55e-08  1.47e+07
  42  -6.5662275e-04  -9.8322982e-04  3.27e-02  3.51e-06  3.89e-08  1.68e+07
 Barrier aborted.
Barrier time = 0.20 sec. (58.59 ticks)
Barrier time = 0.20 sec. (58.92 ticks)

Dual simplex solved model.


Log for 'CPLEX' Clone_1 (V12.9.0.0) Wed Mar 24 15:36:51 2021

Tried aggregator 0 times.
Reduced presolve eliminated 30 rows and 39 columns.
Reduced LP has 4068 rows, 4940 columns, and 18675 nonzeros.
Presolve time = 0.00 sec. (2.35 ticks)
Parallel mode: using up to 10 threads for barrier.

***NOTE: Found 15 dense columns.

Number of nonzeros in lower triangle of A*A' = 29008
Using Approximate Minimum Degree ordering
Total time for automatic ordering = 0.01 sec. (3.41 ticks)
Summary statistics for Cholesky factor:
  Threads                   = 10
  Rows in Factor            = 4083
  Integer space required    = 15886
  Total non-zeros in factor = 71520
  Total FP ops to factor    = 2822626
 Itn      Primal Obj        Dual Obj  Prim Inf Upper Inf  Dual Inf Inf Ratio
   0   1.8074053e+14  -4.7186266e+15  3.18e+14  2.02e+14  2.47e+04  1.00e+00
   1   1.5852064e+14  -1.1827045e+15  1.97e+14  1.25e+14  6.65e+03  7.30e-12
   2   1.1429767e+14  -2.4013680e+14  6.89e+13  4.37e+13  1.73e+03  3.26e-11
   3   4.4042592e+13  -1.0016130e+14  2.32e+13  1.47e+13  7.54e+02  7.82e-11
   4   1.5546473e+13  -5.1721692e+13  7.44e+12  4.72e+12  3.97e+02  1.52e-10
   5   7.2800862e+12  -2.5530980e+13  2.79e+12  1.77e+12  2.05e+02  3.01e-10
   6   3.4001257e+12  -8.9203432e+12  8.62e+11  5.47e+11  7.96e+01  8.12e-10
   7   2.0845079e+12  -5.5636536e+12  4.10e+11  2.60e+11  5.24e+01  1.27e-09
   8   1.4032654e+12  -3.5412210e+12  2.17e+11  1.38e+11  3.53e+01  1.94e-09
   9   7.4878501e+11  -2.0227932e+12  8.65e+10  5.48e+10  2.14e+01  3.31e-09
  10   5.8224984e+11  -1.5708186e+12  5.85e+10  3.71e+10  1.71e+01  4.22e-09
  11   3.7726349e+11  -6.7158393e+11  3.19e+10  2.02e+10  8.07e+00  9.57e-09
  12   3.0729208e+11  -5.4875461e+11  2.49e+10  1.58e+10  6.71e+00  1.16e-08
  13   2.0244726e+11  -2.9710405e+11  1.51e+10  9.58e+09  3.85e+00  2.10e-08
  14   1.5626904e+11  -2.0693556e+11  1.13e+10  7.14e+09  2.76e+00  2.98e-08
  15   8.4360752e+10  -1.2912535e+11  5.57e+09  3.53e+09  1.79e+00  4.71e-08
  16   5.0908013e+10  -6.5153706e+10  3.25e+09  2.06e+09  9.28e-01  9.26e-08
  17   2.7746613e+10  -4.0827977e+10  1.63e+09  1.04e+09  6.03e-01  1.46e-07
  18   2.3596143e+10  -3.3299246e+10  1.37e+09  8.69e+08  4.97e-01  1.79e-07
  19   1.7628901e+10  -1.6172254e+10  1.00e+09  6.35e+08  2.52e-01  3.64e-07
  20   1.4370885e+10  -1.4680879e+10  8.23e+08  5.22e+08  2.28e-01  4.03e-07
  21   5.8580802e+09  -8.1768700e+09  3.24e+08  2.05e+08  1.29e-01  7.19e-07
  22   2.8004803e+09  -5.1387026e+09  1.34e+08  8.51e+07  8.46e-02  1.13e-06
  23   2.0762867e+09  -2.5740004e+09  9.85e+07  6.24e+07  4.31e-02  2.26e-06
  24   1.6655414e+09  -1.6538966e+09  7.76e+07  4.92e+07  2.84e-02  3.51e-06
  25   8.4774594e+08  -6.2456941e+08  3.88e+07  2.46e+07  1.10e-02  9.30e-06
  26   4.7787212e+08  -1.7281250e+08  2.20e+07  1.40e+07  2.99e-03  3.36e-05
  27   1.4577634e+08  -4.5818983e+07  6.88e+06  4.36e+06  7.24e-04  1.28e-04
  28   6.5501680e+07  -3.1564847e+07  3.42e+06  2.17e+06  3.99e-04  1.84e-04
  29   1.4776541e+07  -3.2572125e+06  7.76e+05  4.92e+05  4.02e-05  1.78e-03
  30   1.0038501e+06  -2.7925822e+05  5.31e+04  3.37e+04  3.35e-06  2.09e-02
  31   8.3534512e+04  -1.4525465e+04  4.72e+03  2.81e+03  1.71e-07  4.11e-01
  32   8.5495758e+03  -3.9492914e+03  6.42e+03  3.59e+02  5.53e-08  1.63e+00
  33   1.3905407e+03  -7.8924780e+02  7.41e+04  7.11e+01  2.08e-08  1.68e+01
  34   1.9595460e+02  -4.5558509e+02  3.48e+05  2.12e+01  2.20e-08  5.28e+01
  35   1.7987284e+01  -1.5775944e+02  1.32e+05  5.72e+00  8.96e-09  5.03e+02
  36   5.7554838e+00  -6.0837058e+01  2.65e+05  2.17e+00  3.90e-09  1.64e+03
  37   1.4830829e+00  -2.0920934e+01  1.65e+05  7.64e-01  4.68e-09  6.49e+03
  38   2.7023235e-01  -5.0631026e+00  1.14e+05  1.85e-01  4.59e-09  3.77e+04
  39   1.7845419e-01  -3.4235087e+00  1.02e+05  1.43e-01  9.54e-09  5.75e+04
  40   3.4574967e-02  -9.2146168e-01  6.82e+05  8.48e-02  9.15e-09  3.10e+05
  41   1.1978275e-02  -3.6422749e-01  3.35e+05  6.05e-02  2.29e-08  9.15e+05
  42   9.7832743e-03  -2.1333106e-01  2.70e+05  7.67e-02  7.38e-08  1.14e+06
  43   8.6516625e-04  -8.9557204e-02  1.28e+05  5.34e-02  4.70e-08  1.22e+07
  44   1.4516683e-03  -6.1612271e-02  2.07e+05  4.24e-03  5.21e-07  7.48e+06
  45   1.0595771e-02  -1.3600162e-01  6.02e+05  2.10e-02  1.69e-06  1.04e+06
  46   3.2542021e-03  -3.8025653e-02  4.16e+05  7.20e-02  5.02e-07  3.41e+06
  47   1.3674754e-03  -3.5553507e-03  1.57e+05  3.79e-03  3.97e-07  8.15e+06
 Barrier aborted.
Barrier time = 0.48 sec. (201.18 ticks)

Primal simplex solved model.


Log for 'CPLEX' Clone_1 (V12.9.0.0) Wed Mar 24 15:36:52 2021

Tried aggregator 0 times.
Reduced presolve eliminated 6 rows and 12 columns.
Reduced LP has 1280 rows, 2234 columns, and 12393 nonzeros.
Presolve time = 0.01 sec. (2.77 ticks)
Parallel mode: using up to 10 threads for barrier.

***NOTE: Found 3 dense columns.

Number of nonzeros in lower triangle of A*A' = 13026
Using Approximate Minimum Degree ordering
Total time for automatic ordering = 0.01 sec. (3.19 ticks)
Summary statistics for Cholesky factor:
  Threads                   = 10
  Rows in Factor            = 1283
  Integer space required    = 7352
  Total non-zeros in factor = 40724
  Total FP ops to factor    = 1985432
 Itn      Primal Obj        Dual Obj  Prim Inf Upper Inf  Dual Inf Inf Ratio
   0  -2.7297614e+04  -2.5075341e+09  3.31e+08  1.19e+07  2.00e+00  1.00e+00
   1  -2.6766167e+04  -2.4744772e+09  3.26e+08  1.18e+07  1.97e+00  3.96e-04
   2  -2.4699226e+04  -2.2550475e+09  3.09e+08  1.11e+07  1.80e+00  5.05e-05
   3  -2.2758379e+04  -2.0956410e+09  2.88e+08  1.04e+07  1.67e+00  3.19e-05
   4  -1.9341244e+04  -1.7293174e+09  2.48e+08  8.94e+06  1.38e+00  1.80e-05
   5  -1.7224170e+04  -9.4011077e+08  2.20e+08  7.94e+06  7.50e-01  1.22e-05
   6  -1.1003024e+04  -6.7030338e+08  1.38e+08  4.96e+06  5.35e-01  1.35e-05
   7  -5.2748873e+03  -4.3682941e+08  6.54e+07  2.36e+06  3.48e-01  1.88e-05
   8  -3.5795522e+03  -2.6219652e+08  4.38e+07  1.58e+06  2.09e-01  2.41e-05
   9  -1.4274873e+03  -1.1168052e+08  1.74e+07  6.27e+05  8.91e-02  5.59e-05
  10  -9.7029572e+02  -7.5226053e+07  1.18e+07  4.24e+05  6.00e-02  7.59e-05
  11  -5.7055875e+02  -3.7903493e+07  6.86e+06  2.47e+05  3.02e-02  1.27e-04
  12  -3.4550543e+02  -1.9135263e+07  4.14e+06  1.49e+05  1.53e-02  2.15e-04
  13  -2.7468534e+02  -1.7108119e+07  3.28e+06  1.18e+05  1.36e-02  2.34e-04
  14  -2.6264793e+02  -1.5529126e+07  3.14e+06  1.13e+05  1.24e-02  2.52e-04
  15  -1.9619819e+02  -1.2917585e+07  2.34e+06  8.44e+04  1.03e-02  2.85e-04
  16  -1.0340161e+02  -7.0016542e+06  1.23e+06  4.43e+04  5.59e-03  5.35e-04
  17  -4.1018539e+01  -1.1788123e+06  4.87e+05  1.75e+04  9.40e-04  3.40e-03
  18  -2.4773740e+01  -5.5869837e+05  2.94e+05  1.06e+04  4.46e-04  7.01e-03
  19  -2.4208530e+01  -5.5606600e+05  2.87e+05  1.03e+04  4.44e-04  6.68e-03
  20  -1.7442343e+01  -4.9408665e+05  2.07e+05  7.45e+03  3.94e-04  6.86e-03
  21  -1.7325754e+01  -4.6043357e+05  2.06e+05  7.40e+03  3.67e-04  7.31e-03
  22  -6.9350076e+00  -2.7303098e+05  8.14e+04  2.93e+03  2.18e-04  1.21e-02
  23  -2.5122531e+00  -1.3500752e+05  2.94e+04  1.06e+03  1.08e-04  2.44e-02
  24  -1.2352791e+00  -6.8484523e+04  1.45e+04  5.22e+02  5.47e-05  4.79e-02
  25  -7.0717996e-01  -1.7787917e+04  8.30e+03  2.99e+02  1.42e-05  1.93e-01
  26  -1.8076154e-01  -8.6501043e+03  2.10e+03  7.58e+01  6.93e-06  4.41e-01
  27  -4.0233192e-02  -2.1974251e+03  4.69e+02  1.69e+01  1.77e-06  1.78e+00
  28  -2.7780515e-03  -2.4091461e+02  3.23e+01  1.16e+00  2.28e-07  1.69e+01
  29  -1.4375711e-04  -1.3826117e+01  1.83e+00  5.99e-02  2.24e-08  2.94e+02
  30  -7.7067660e-06  -1.4409949e+00  9.17e-02  3.00e-03  2.07e-08  2.81e+03
  31  -9.2496622e-07  -9.3351941e-02  7.72e-03  1.57e-04  8.29e-09  4.30e+04
  32  -5.9910840e-07  -8.4518111e-03  4.62e-03  8.29e-06  2.45e-08  4.71e+05
 Barrier aborted.
Barrier time = 0.13 sec. (34.90 ticks)

Dual simplex solved model.


Log for 'CPLEX' Clone_1 (V12.9.0.0) Wed Mar 24 15:36:52 2021

Tried aggregator 0 times.
Reduced presolve eliminated 30 rows and 39 columns.
Reduced LP has 4074 rows, 4948 columns, and 18693 nonzeros.
Presolve time = 0.00 sec. (2.36 ticks)
Parallel mode: using up to 10 threads for barrier.

***NOTE: Found 15 dense columns.

Number of nonzeros in lower triangle of A*A' = 29064
Using Approximate Minimum Degree ordering
Total time for automatic ordering = 0.01 sec. (3.42 ticks)
Summary statistics for Cholesky factor:
  Threads                   = 10
  Rows in Factor            = 4089
  Integer space required    = 15892
  Total non-zeros in factor = 71655
  Total FP ops to factor    = 2823469
 Itn      Primal Obj        Dual Obj  Prim Inf Upper Inf  Dual Inf Inf Ratio
   0   6.1607682e+14  -4.7303266e+15  1.20e+15  1.86e+15  2.46e+04  1.00e+00
   1   2.6078912e+14  -4.7633619e+14  3.78e+14  5.87e+14  2.93e+03  4.60e-12
   2   5.7675409e+13  -8.6934721e+13  7.20e+13  1.12e+14  5.83e+02  1.07e-11
   3   1.3656438e+13  -3.0356793e+13  1.69e+13  2.63e+13  2.04e+02  3.28e-11
   4   4.0959053e+12  -1.1730970e+13  4.76e+12  7.40e+12  8.04e+01  9.03e-11
   5   1.3655109e+12  -3.6134320e+12  1.26e+12  1.96e+12  2.65e+01  3.34e-10
   6   6.5996237e+11  -1.6848736e+12  4.88e+11  7.58e+11  1.32e+01  7.83e-10
   7   5.1515633e+11  -8.6800878e+11  3.44e+11  5.34e+11  7.36e+00  1.78e-09
   8   2.3648222e+11  -4.5659608e+11  1.46e+11  2.26e+11  3.99e+00  3.63e-09
   9   1.1706580e+11  -3.0529697e+11  6.16e+10  9.58e+10  2.75e+00  5.77e-09
  10   8.3664912e+10  -9.8044347e+10  3.73e+10  5.80e+10  1.06e+00  2.45e-08
  11   5.6412889e+10  -4.6314174e+10  2.48e+10  3.86e+10  5.13e-01  5.82e-08
  12   2.0961428e+10  -2.6985145e+10  9.25e+09  1.44e+10  2.99e-01  1.03e-07
  13   1.4658585e+10  -2.4608710e+10  6.35e+09  9.87e+09  2.73e-01  1.15e-07
  14   6.1661913e+09  -1.1953994e+10  2.12e+09  3.30e+09  1.43e-01  2.69e-07
  15   4.4897444e+09  -7.8059996e+09  1.40e+09  2.18e+09  9.78e-02  4.31e-07
  16   1.5090130e+09  -2.2481822e+09  3.71e+08  5.77e+08  3.18e-02  1.78e-06
  17   7.2325719e+08  -1.7985731e+09  1.55e+08  2.41e+08  2.59e-02  2.26e-06
  18   3.9721480e+08  -3.8387514e+08  8.03e+07  1.25e+08  6.05e-03  1.13e-05
  19   2.7188161e+08  -2.1464957e+08  5.47e+07  8.51e+07  3.41e-03  2.14e-05
  20   1.7550270e+08  -1.8486985e+08  3.60e+07  5.59e+07  2.92e-03  2.53e-05
  21   9.5158589e+07  -1.3237395e+08  1.91e+07  2.97e+07  2.11e-03  3.62e-05
  22   2.0276544e+07  -4.1533669e+07  3.83e+06  5.96e+06  6.77e-04  1.18e-04
  23   1.9079759e+07  -3.9083150e+07  3.62e+06  5.60e+06  6.39e-04  1.25e-04
  24   9.0049726e+06  -8.3843525e+06  1.69e+06  2.61e+06  1.39e-04  5.86e-04
  25   7.1397061e+05  -5.2079912e+05  1.34e+05  2.07e+05  8.66e-06  9.44e-03
  26   4.8408557e+04  -3.5025318e+04  9.15e+03  1.41e+04  5.81e-07  1.41e-01
  27   6.9707659e+03  -2.1692398e+03  1.37e+03  2.03e+03  3.59e-08  2.29e+00
  28   4.2484449e+02  -3.8911391e+02  9.24e+01  1.34e+02  5.91e-09  1.30e+01
  29   2.2781770e+01  -2.0249948e+01  5.28e+00  7.15e+00  3.09e-10  2.51e+02
  30   1.1490721e+00  -1.2971634e+00  8.01e+02  3.45e-01  2.18e-11  3.92e+03
  31   5.7851012e-02  -9.2565428e-02  7.92e+02  1.61e-02  2.96e-12  5.51e+04
  32   3.1036588e-03  -2.1970015e-02  4.94e+01  7.34e-03  2.41e-12  2.33e+05
  33   2.2000293e-03  -1.1008023e-02  4.33e+03  7.32e-03  3.73e-10  4.71e+05
  34   2.0643906e-03  -1.0236082e-02  3.40e+03  9.03e-03  3.47e-10  5.07e+05
  35   1.7436900e-03  -5.1653387e-03  1.59e+03  7.77e-03  4.28e-10  1.03e+06
  36   1.2528836e-03  -3.5442732e-03  1.00e+03  2.30e-03  2.74e-10  1.51e+06
  37   1.2453286e-03  -3.5094909e-03  9.91e+02  6.63e-02  3.04e-10  1.52e+06
  38   1.2181977e-03  -3.3924434e-03  9.69e+02  6.52e-02  9.29e-11  1.58e+06
  39   1.0566559e-03  -2.7733952e-03  1.13e+03  5.82e-03  1.09e-10  1.93e+06
  40   1.0007655e-03  -2.6987132e-03  1.06e+03  6.86e-02  1.69e-10  1.99e+06
  41   8.7584549e-04  -1.5635645e-03  8.68e+02  4.48e-03  1.37e-10  3.48e+06
  42   7.9695364e-04  -1.4371418e-03  8.25e+02  4.49e-03  2.42e-10  3.79e+06
  43   7.7225529e-04  -1.3144717e-03  7.94e+02  5.12e-03  2.96e-10  4.15e+06
  44   6.4649207e-04  -1.1306561e-03  6.36e+02  4.61e-03  4.15e-10  4.83e+06
  45   5.5764072e-04  -1.1096702e-03  9.93e+02  6.77e-02  4.60e-10  4.92e+06
  46   5.4202327e-04  -1.0256939e-03  9.58e+02  6.56e-02  8.55e-10  5.33e+06
  47   5.0619307e-04  -7.8071995e-04  8.68e+02  6.61e-02  1.94e-09  6.99e+06
  48   4.2780966e-04  -5.7322660e-04  7.11e+02  6.53e-02  1.34e-09  9.48e+06
  49   4.1064206e-04  -5.4019292e-04  7.25e+02  5.32e-03  1.35e-09  1.00e+07
  50   3.4304858e-04  -4.3080111e-04  5.92e+02  5.89e-03  1.48e-09  1.25e+07
  51   3.3186552e-04  -4.0849048e-04  5.71e+02  6.74e-02  1.29e-09  1.32e+07
  52   3.2521967e-04  -4.0009786e-04  5.57e+02  6.76e-02  1.29e-09  1.35e+07
  53   3.1838115e-04  -3.7993734e-04  5.42e+02  1.34e-01  1.29e-09  1.42e+07
  54   2.6253778e-04  -3.5136275e-04  5.96e+02  6.92e-02  1.21e-09  1.53e+07
  55   2.0723301e-04  -2.7080765e-04  4.80e+02  5.15e-03  1.06e-09  1.96e+07
  56   1.9404333e-04  -2.3597773e-04  4.67e+02  7.64e-03  1.11e-09  2.23e+07
  57   1.7087554e-04  -1.9286336e-04  4.48e+02  7.34e-03  1.03e-09  2.70e+07
  58   1.6152834e-04  -1.8273878e-04  4.21e+02  6.13e-03  1.03e-09  2.84e+07
  59   1.5428128e-04  -1.5015152e-04  4.00e+02  8.71e-03  1.11e-09  3.42e+07
  60   1.3740673e-04  -1.2850762e-04  3.52e+02  8.38e-03  1.16e-09  3.95e+07
  61   1.2431242e-04  -1.1623135e-04  3.45e+02  6.42e-02  1.04e-09  4.39e+07
 Barrier aborted.
Barrier time = 0.61 sec. (247.15 ticks)

Dual simplex solved model.


Log for 'COBRAProblem' Clone_1 (V12.9.0.0) Fri Mar 26 15:46:24 2021


Log for 'COBRAProblem' Clone_1 (V12.9.0.0) Fri Mar 26 15:46:24 2021


Log for 'COBRAProblem' Clone_1 (V12.9.0.0) Fri Mar 26 15:46:34 2021


Log for 'COBRAProblem' Clone_1 (V12.9.0.0) Fri Mar 26 15:46:34 2021


Log for 'COBRAProblem' Clone_1 (V12.9.0.0) Fri Mar 26 15:46:34 2021


Log for 'COBRAProblem' Clone_1 (V12.9.0.0) Fri Mar 26 15:46:35 2021


Log for 'COBRAProblem' Clone_1 (V12.9.0.0) Fri Mar 26 15:46:35 2021


Log for 'COBRAProblem' Clone_1 (V12.9.0.0) Fri Mar 26 15:46:35 2021


Log for 'COBRAProblem' Clone_1 (V12.9.0.0) Fri Mar 26 15:46:35 2021


Log for 'COBRAProblem' Clone_1 (V12.9.0.0) Fri Mar 26 15:46:35 2021


Log for '' Clone_1 (V12.9.0.0) Fri Mar 26 15:48:39 2021


Log for '' Clone_1 (V12.9.0.0) Fri Mar 26 15:48:39 2021


Log for '' Clone_1 (V12.9.0.0) Fri Mar 26 15:48:41 2021


Log for '' Clone_1 (V12.9.0.0) Fri Mar 26 15:48:41 2021

Primal superbasis not built.
Dual superbasis not built.

Log for 'CPLEX' Clone_1 (V12.9.0.0) Fri Mar 26 15:48:43 2021


Log for 'COBRAProblem' Clone_1 (V12.9.0.0) Fri Mar 26 15:49:40 2021


Log for 'COBRAProblem' Clone_1 (V12.9.0.0) Fri Mar 26 15:49:41 2021


Log for 'COBRAProblem' Clone_1 (V12.9.0.0) Fri Mar 26 15:49:59 2021


Log for 'CPLEX' Clone_1 (V12.9.0.0) Fri Mar 26 15:50:00 2021

Tried aggregator 0 times.
Reduced presolve eliminated 7 rows and 14 columns.
Reduced LP has 1834 rows, 2813 columns, and 13661 nonzeros.
Presolve time = 0.01 sec. (3.43 ticks)
Symmetry aggregator did 384 additional substitutions.
Tried aggregator 0 times.
Reduced presolve eliminated 10 rows and 13 columns.
Reduced LP has 1632 rows, 2608 columns, and 13197 nonzeros.
Presolve time = 0.00 sec. (1.33 ticks)
Parallel mode: using up to 10 threads for barrier.

***NOTE: Found 3 dense columns.

Number of nonzeros in lower triangle of A*A' = 15294
Using Approximate Minimum Degree ordering
Total time for automatic ordering = 0.01 sec. (3.61 ticks)
Summary statistics for Cholesky factor:
  Threads                   = 10
  Rows in Factor            = 1635
  Integer space required    = 8653
  Total non-zeros in factor = 45621
  Total FP ops to factor    = 2104729
 Itn      Primal Obj        Dual Obj  Prim Inf Upper Inf  Dual Inf Inf Ratio
   0  -2.1599414e+07  -2.5749770e+09  3.21e+08  4.23e+07  3.56e+02  1.00e+00
   1  -2.1574516e+07  -2.4606761e+09  3.21e+08  4.22e+07  3.40e+02  1.74e-03
   2  -2.0041016e+07  -2.3185967e+09  2.99e+08  3.94e+07  3.21e+02  7.93e-04
   3  -1.8307380e+07  -2.1351077e+09  2.76e+08  3.63e+07  2.95e+02  3.40e-04
   4  -1.6145480e+07  -1.8616095e+09  2.46e+08  3.24e+07  2.57e+02  1.27e-04
   5  -1.4313437e+07  -1.6703247e+09  2.22e+08  2.92e+07  2.31e+02  4.73e-05
   6  -1.3376150e+07  -1.3777639e+09  2.09e+08  2.75e+07  1.91e+02  2.64e-05
   7  -1.1198808e+07  -1.0740283e+09  1.76e+08  2.32e+07  1.49e+02  1.97e-05
   8  -7.8756906e+06  -5.8132551e+08  1.26e+08  1.66e+07  8.05e+01  1.69e-05
   9  -4.2347073e+06  -1.9156059e+08  6.65e+07  8.75e+06  2.65e+01  2.51e-05
  10  -1.6254856e+06  -1.0486908e+08  2.42e+07  3.19e+06  1.45e+01  4.27e-05
  11  -9.1567150e+05  -6.5810135e+07  1.37e+07  1.81e+06  9.10e+00  6.43e-05
  12  -6.6863134e+05  -4.6488598e+07  1.01e+07  1.33e+06  6.43e+00  8.70e-05
  13  -6.3129253e+05  -4.1594667e+07  9.44e+06  1.24e+06  5.75e+00  9.80e-05
  14  -3.9086835e+05  -2.5940621e+07  5.89e+06  7.75e+05  3.59e+00  1.52e-04
  15  -3.2613145e+05  -1.5183691e+07  4.93e+06  6.48e+05  2.10e+00  2.46e-04
  16  -2.5637864e+05  -1.3682133e+07  3.77e+06  4.96e+05  1.89e+00  2.77e-04
  17  -1.0253962e+05  -3.1823096e+06  1.43e+06  1.89e+05  4.39e-01  1.19e-03
  18  -5.9558381e+04  -1.9284023e+06  8.03e+05  1.06e+05  2.66e-01  1.91e-03
  19  -4.4308979e+04  -1.3921277e+06  5.83e+05  7.67e+04  1.92e-01  2.55e-03
  20  -3.7486413e+04  -1.3261851e+06  4.93e+05  6.48e+04  1.83e-01  2.65e-03
  21  -2.6872644e+04  -7.9797352e+05  3.53e+05  4.65e+04  1.10e-01  4.30e-03
  22  -1.1964401e+04  -4.5668328e+05  1.49e+05  1.96e+04  6.28e-02  7.74e-03
  23  -4.6782234e+03  -2.0078558e+05  5.75e+04  7.56e+03  2.76e-02  1.75e-02
  24  -1.5979713e+03  -1.0389778e+05  1.93e+04  2.53e+03  1.43e-02  3.42e-02
  25  -8.2647169e+02  -4.2007421e+04  9.95e+03  1.31e+03  5.78e-03  8.65e-02
  26  -1.3826819e+02  -7.0597757e+03  1.61e+03  2.12e+02  9.71e-04  6.07e-01
  27  -3.2958771e+01  -1.3223715e+03  3.82e+02  5.02e+01  1.82e-04  3.42e+00
  28  -2.2319090e+00  -1.9931172e+02  2.58e+01  3.37e+00  2.74e-05  2.30e+01
  29  -1.2986860e-01  -1.2039991e+01  1.81e+00  1.97e-01  1.78e-06  3.86e+02
  30  -7.0448139e-03  -9.0568358e+00  4.01e-01  1.00e-02  1.28e-06  5.15e+02
  31  -8.8991486e-04  -1.1544378e+00  3.99e-02  6.84e-04  1.79e-07  4.05e+03
  32  -5.7276626e-04  -1.5320304e-01  1.10e-02  1.52e-04  4.22e-08  3.05e+04
  33  -5.4229729e-04  -1.8610690e-02  1.70e-02  4.82e-05  6.94e-08  2.63e+05
  34  -6.0246471e-04  -4.8464267e-03  2.58e-02  3.68e-06  5.63e-08  1.12e+06
  35  -6.0744745e-04  -2.8319171e-03  2.14e-02  3.11e-06  2.91e-08  2.26e+06
  36  -6.1022139e-04  -2.0913424e-03  2.03e-02  2.95e-06  3.40e-08  3.50e+06
  37  -6.4952772e-04  -1.5988743e-03  2.70e-02  9.19e-07  8.27e-08  5.31e+06
  38  -6.5050180e-04  -1.2814426e-03  2.28e-02  7.28e-07  3.62e-08  8.18e+06
  39  -6.5187009e-04  -1.0867308e-03  2.43e-02  6.93e-07  8.87e-08  1.25e+07
  40  -6.5389420e-04  -1.0529974e-03  2.49e-02  6.38e-07  1.15e-07  1.34e+07
  41  -6.5538821e-04  -1.0094566e-03  2.24e-02  5.58e-07  7.05e-08  1.51e+07
 Barrier aborted.
Barrier time = 0.17 sec. (55.75 ticks)
Barrier time = 0.17 sec. (56.09 ticks)

Dual simplex solved model.


Log for 'CPLEX' Clone_1 (V12.9.0.0) Fri Mar 26 15:50:00 2021

Tried aggregator 0 times.
Reduced presolve eliminated 30 rows and 39 columns.
Reduced LP has 4109 rows, 4990 columns, and 18907 nonzeros.
Presolve time = 0.00 sec. (2.38 ticks)
Parallel mode: using up to 10 threads for barrier.

***NOTE: Found 12 dense columns.

Number of nonzeros in lower triangle of A*A' = 29819
Using Approximate Minimum Degree ordering
Total time for automatic ordering = 0.01 sec. (3.48 ticks)
Summary statistics for Cholesky factor:
  Threads                   = 10
  Rows in Factor            = 4121
  Integer space required    = 16234
  Total non-zeros in factor = 72420
  Total FP ops to factor    = 2834316
 Itn      Primal Obj        Dual Obj  Prim Inf Upper Inf  Dual Inf Inf Ratio
   0   1.4982712e+14  -4.7830697e+15  2.65e+14  8.81e+13  2.50e+04  1.00e+00
   1   1.4204467e+14  -1.5700354e+15  1.78e+14  5.91e+13  8.63e+03  8.78e-12
   2   1.2376894e+14  -8.3218494e+14  9.35e+13  3.11e+13  4.82e+03  1.50e-11
   3   8.9844313e+13  -2.3494762e+14  3.32e+13  1.10e+13  1.63e+03  4.38e-11
   4   4.1126096e+13  -8.2941880e+13  1.30e+13  4.31e+12  6.20e+02  1.12e-10
   5   1.5422778e+13  -4.8621650e+13  4.64e+12  1.54e+12  3.67e+02  1.82e-10
   6   1.1989415e+13  -2.9871541e+13  3.29e+12  1.09e+12  2.35e+02  2.79e-10
   7   1.0959528e+13  -2.8255240e+13  3.01e+12  9.99e+11  2.22e+02  2.96e-10
   8   9.8810597e+12  -2.2605079e+13  2.65e+12  8.81e+11  1.81e+02  3.61e-10
   9   3.6792876e+12  -8.9616957e+12  8.76e+11  2.91e+11  7.45e+01  8.83e-10
  10   2.6491632e+12  -5.1205893e+12  5.61e+11  1.86e+11  4.53e+01  1.46e-09
  11   1.7387698e+12  -3.1686363e+12  3.32e+11  1.10e+11  2.93e+01  2.28e-09
  12   9.5625801e+11  -1.7551586e+12  1.58e+11  5.24e+10  1.72e+01  3.94e-09
  13   5.3159893e+11  -1.0045820e+12  7.32e+10  2.43e+10  1.05e+01  6.63e-09
  14   2.0930765e+11  -6.1824773e+11  2.26e+10  7.50e+09  6.68e+00  1.06e-08
  15   1.2009713e+11  -4.2090877e+11  9.33e+09  3.10e+09  4.73e+00  1.54e-08
  16   9.4707285e+10  -2.8781735e+11  5.57e+09  1.85e+09  3.41e+00  2.22e-08
  17   7.2755627e+10  -1.1026387e+11  3.45e+09  1.14e+09  1.55e+00  5.60e-08
  18   4.2922011e+10  -2.1658343e+10  1.93e+09  6.40e+08  3.59e-01  2.74e-07
  19   1.3632320e+10  -1.4820374e+10  6.44e+08  2.14e+08  2.40e-01  3.96e-07
  20   1.2443677e+10  -1.3833087e+10  5.92e+08  1.97e+08  2.22e-01  4.28e-07
  21   6.1967363e+09  -8.3314647e+09  2.91e+08  9.68e+07  1.35e-01  7.14e-07
  22   5.0280470e+09  -5.7323133e+09  2.30e+08  7.63e+07  9.58e-02  1.03e-06
  23   1.4307224e+09  -1.6674354e+09  6.38e+07  2.12e+07  2.85e-02  3.53e-06
  24   1.0307032e+09  -1.2253268e+09  4.50e+07  1.49e+07  2.12e-02  4.79e-06
  25   7.7753184e+08  -9.3292538e+08  3.32e+07  1.10e+07  1.64e-02  6.29e-06
  26   3.6251966e+08  -3.5363877e+08  1.44e+07  4.78e+06  6.69e-03  1.65e-05
  27   1.2569527e+08  -2.2278385e+08  4.81e+06  1.60e+06  4.26e-03  2.62e-05
  28   2.9613293e+07  -7.7854925e+07  1.08e+06  3.59e+05  1.51e-03  7.49e-05
  29   1.3058950e+07  -5.1627339e+07  4.26e+05  1.40e+05  1.03e-03  1.13e-04
  30   2.0953205e+06  -5.2749391e+06  6.63e+04  2.15e+04  1.07e-04  1.11e-03
  31   1.3028496e+05  -2.8898048e+05  4.38e+03  1.34e+03  5.85e-06  2.03e-02
  32   2.2407840e+04  -2.0978878e+04  7.78e+02  2.30e+02  4.26e-07  2.79e-01
  33   3.5394846e+03  -5.5510779e+03  1.92e+02  3.61e+01  1.13e-07  1.05e+00
  34   3.9144088e+02  -3.3525717e+02  2.04e+01  3.85e+00  7.21e-09  1.74e+01
  35   1.9619844e+01  -2.1498652e+01  2.93e+00  1.92e-01  4.77e-10  2.72e+02
  36   9.8680977e-01  -1.2741461e+00  2.61e+02  2.89e-02  4.05e-11  4.59e+03
Barrier time = 0.29 sec. (136.46 ticks)

Primal simplex solved model.


Log for 'CPLEX' Clone_1 (V12.9.0.0) Fri Mar 26 15:50:00 2021

Tried aggregator 0 times.
Reduced presolve eliminated 7 rows and 14 columns.
Reduced LP has 1284 rows, 2253 columns, and 12511 nonzeros.
Presolve time = 0.01 sec. (2.79 ticks)
Parallel mode: using up to 10 threads for barrier.

***NOTE: Found 3 dense columns.

Number of nonzeros in lower triangle of A*A' = 13135
Using Approximate Minimum Degree ordering
Total time for automatic ordering = 0.01 sec. (3.23 ticks)
Summary statistics for Cholesky factor:
  Threads                   = 10
  Rows in Factor            = 1287
  Integer space required    = 7416
  Total non-zeros in factor = 41165
  Total FP ops to factor    = 2022719
 Itn      Primal Obj        Dual Obj  Prim Inf Upper Inf  Dual Inf Inf Ratio
   0  -5.2713244e+03  -2.5390654e+09  3.41e+08  1.17e+07  2.00e+00  1.00e+00
   1  -5.0619631e+03  -2.4554940e+09  3.28e+08  1.12e+07  1.93e+00  7.96e-04
   2  -4.9418766e+03  -2.3789027e+09  3.21e+08  1.10e+07  1.87e+00  1.34e-04
   3  -4.6374966e+03  -1.9057380e+09  3.01e+08  1.03e+07  1.50e+00  2.28e-05
   4  -3.8698654e+03  -1.5530279e+09  2.51e+08  8.59e+06  1.22e+00  1.58e-05
   5  -3.2932903e+03  -6.8391815e+08  2.14e+08  7.30e+06  5.39e-01  1.37e-05
   6  -1.9936670e+03  -5.0664600e+08  1.29e+08  4.40e+06  3.99e-01  1.53e-05
   7  -7.5013038e+02  -3.4671916e+08  4.83e+07  1.65e+06  2.73e-01  2.01e-05
   8  -3.9553759e+02  -1.3607005e+08  2.55e+07  8.72e+05  1.07e-01  3.40e-05
   9  -1.9985524e+02  -6.4861731e+07  1.29e+07  4.40e+05  5.11e-02  6.37e-05
  10  -1.0900295e+02  -3.0817108e+07  7.02e+06  2.40e+05  2.43e-02  1.26e-04
  11  -7.6646096e+01  -2.4772633e+07  4.93e+06  1.69e+05  1.95e-02  1.50e-04
  12  -6.8015951e+01  -1.9144722e+07  4.38e+06  1.50e+05  1.51e-02  1.97e-04
  13  -4.6838806e+01  -1.3998330e+07  3.01e+06  1.03e+05  1.10e-02  2.57e-04
  14  -4.3470527e+01  -1.1141412e+07  2.80e+06  9.57e+04  8.78e-03  3.21e-04
  15  -3.5978833e+01  -9.9040732e+06  2.32e+06  7.92e+04  7.80e-03  3.38e-04
  16  -1.8376669e+01  -7.6066826e+06  1.18e+06  4.04e+04  5.99e-03  4.59e-04
  17  -6.4401626e+00  -1.2768161e+06  4.14e+05  1.42e+04  1.01e-03  2.98e-03
  18  -4.6298593e+00  -1.0886912e+06  2.98e+05  1.02e+04  8.58e-04  3.50e-03
  19  -4.0421505e+00  -1.0405283e+06  2.60e+05  8.89e+03  8.20e-04  3.36e-03
  20  -2.1798926e+00  -5.4197965e+05  1.40e+05  4.79e+03  4.27e-04  6.26e-03
  21  -1.0538780e+00  -2.5449093e+05  6.77e+04  2.32e+03  2.01e-04  1.29e-02
  22  -3.4515059e-01  -1.2427409e+05  2.22e+04  7.58e+02  9.79e-05  2.66e-02
  23  -1.3182743e-01  -4.6207643e+04  8.47e+03  2.90e+02  3.64e-05  7.33e-02
  24  -3.3351154e-02  -1.5118222e+04  2.14e+03  7.33e+01  1.19e-05  2.37e-01
  25  -7.2413860e-03  -1.6893265e+03  4.65e+02  1.59e+01  1.36e-06  2.60e+00
  26  -6.9921321e-03  -1.1980324e+03  4.49e+02  1.54e+01  9.50e-07  3.61e+00
  27  -5.1504252e-04  -9.7307255e+01  3.33e+01  1.13e+00  1.32e-07  4.65e+01
  28  -2.6397090e-05  -5.6163216e+00  2.13e+00  5.68e-02  1.99e-08  8.07e+02
  29  -2.3441227e-06  -6.9376093e-01  1.51e-01  4.02e-03  1.74e-08  6.48e+03
  30  -6.1610598e-07  -1.4728237e-01  1.12e-02  2.24e-04  6.61e-09  3.05e+04
  31  -5.2849880e-07  -1.6579980e-02  9.51e-03  1.19e-05  1.02e-08  2.76e+05
  32  -5.7566102e-07  -5.6979760e-03  1.40e-02  5.09e-06  1.09e-08  8.00e+05
  33  -6.3066416e-07  -2.7740864e-03  1.26e-02  3.94e-06  1.08e-08  1.64e+06
  34  -6.9784592e-07  -1.8842466e-03  1.01e-02  3.34e-06  1.67e-08  2.40e+06
  35  -7.6002059e-07  -1.1522696e-03  1.23e-02  2.77e-06  5.94e-09  3.92e+06
  36  -7.6989184e-07  -1.0700234e-03  1.26e-02  2.56e-06  3.22e-08  4.23e+06
  37  -9.0584991e-07  -6.0493841e-04  9.96e-03  1.48e-06  1.66e-08  7.48e+06
Barrier time = 0.13 sec. (41.75 ticks)

Dual simplex solved model.


Log for 'CPLEX' Clone_1 (V12.9.0.0) Fri Mar 26 15:50:00 2021

Tried aggregator 0 times.
Reduced presolve eliminated 30 rows and 39 columns.
Reduced LP has 4109 rows, 4992 columns, and 18913 nonzeros.
Presolve time = 0.00 sec. (2.38 ticks)
Parallel mode: using up to 10 threads for barrier.

***NOTE: Found 12 dense columns.

Number of nonzeros in lower triangle of A*A' = 29844
Using Approximate Minimum Degree ordering
Total time for automatic ordering = 0.01 sec. (3.49 ticks)
Summary statistics for Cholesky factor:
  Threads                   = 10
  Rows in Factor            = 4121
  Integer space required    = 16265
  Total non-zeros in factor = 73031
  Total FP ops to factor    = 2905033
 Itn      Primal Obj        Dual Obj  Prim Inf Upper Inf  Dual Inf Inf Ratio
   0   4.6579552e+14  -4.7889197e+15  8.79e+14  1.28e+15  2.49e+04  1.00e+00
   1   2.5261581e+14  -7.3398607e+14  3.56e+14  5.18e+14  4.28e+03  5.25e-12
   2   9.1817440e+13  -1.5632310e+14  9.00e+13  1.31e+14  1.07e+03  1.19e-11
   3   2.6569349e+13  -4.4947565e+13  2.49e+13  3.62e+13  3.17e+02  4.03e-11
   4   1.0599491e+13  -2.3828018e+13  9.45e+12  1.37e+13  1.71e+02  8.66e-11
   5   3.9549766e+12  -8.4656826e+12  3.34e+12  4.86e+12  6.22e+01  2.58e-10
   6   1.6280310e+12  -4.0679866e+12  1.16e+12  1.68e+12  3.13e+01  5.89e-10
   7   7.5954948e+11  -2.1634782e+12  4.36e+11  6.35e+11  1.74e+01  1.17e-09
   8   5.2403106e+11  -8.8009332e+11  2.33e+11  3.39e+11  8.18e+00  3.36e-09
   9   3.4502609e+11  -4.7250345e+11  1.42e+11  2.07e+11  4.65e+00  6.93e-09
  10   2.1878318e+11  -2.2943283e+11  8.87e+10  1.29e+11  2.30e+00  1.51e-08
  11   9.2348571e+10  -1.1543775e+11  3.72e+10  5.42e+10  1.16e+00  3.12e-08
  12   4.7596059e+10  -5.5101493e+10  1.88e+10  2.74e+10  5.65e-01  6.77e-08
  13   1.5258951e+10  -3.5665346e+10  5.70e+09  8.29e+09  3.70e-01  1.07e-07
  14   9.9718582e+09  -2.1627643e+10  3.03e+09  4.41e+09  2.39e-01  1.84e-07
  15   6.5947618e+09  -1.4727496e+10  1.74e+09  2.54e+09  1.69e-01  2.79e-07
  16   4.7332041e+09  -7.8149604e+09  1.17e+09  1.71e+09  9.45e-02  5.39e-07
  17   9.0806541e+08  -3.7382492e+09  2.21e+08  3.22e+08  4.53e-02  1.13e-06
  18   7.4159364e+08  -6.9913509e+08  1.29e+08  1.87e+08  1.29e-02  7.60e-06
  19   3.1936733e+08  -2.7725263e+08  5.54e+07  8.06e+07  5.12e-03  1.92e-05
  20   2.9716860e+08  -2.5748625e+08  5.15e+07  7.49e+07  4.76e-03  2.06e-05
  21   1.5659726e+08  -2.0670485e+08  2.75e+07  4.01e+07  3.80e-03  2.61e-05
  22   6.1701136e+07  -1.0874716e+08  1.02e+07  1.49e+07  2.05e-03  5.00e-05
  23   2.6882810e+07  -8.7386336e+06  4.43e+06  6.45e+06  1.70e-04  6.32e-04
  24   1.6194640e+07  -4.1271277e+06  2.77e+06  4.02e+06  6.91e-05  1.37e-03
  25   1.0176113e+06  -3.8249262e+05  1.77e+05  2.56e+05  6.18e-06  1.48e-02
  26   6.9477942e+04  -2.0620116e+04  1.22e+04  1.75e+04  3.30e-07  2.78e-01
  27   1.0883113e+04  -2.1778721e+03  1.92e+03  2.76e+03  3.47e-08  2.62e+00
  28   8.7967975e+02  -1.5549476e+02  1.69e+02  2.27e+02  2.30e-09  3.68e+01
  29   4.4024704e+01  -1.0281504e+01  8.47e+00  1.14e+01  1.55e-10  5.57e+02
  30   2.2040287e+00  -5.8368678e-01  1.68e+02  6.43e-01  1.03e-11  9.82e+03
  31   1.1031760e-01  -7.6473390e-02  8.74e+00  4.11e-02  4.11e-12  7.49e+04
  32   1.1703123e-02  -2.6352589e-02  1.61e+00  8.46e-03  1.28e-11  2.17e+05
  33   6.7070536e-03  -1.5600286e-02  1.40e+02  3.28e-03  1.36e-10  3.69e+05
  34   4.9208866e-03  -9.2231597e-03  9.07e+01  3.06e-03  1.38e-10  6.27e+05
  35   3.9212504e-03  -8.3613235e-03  8.72e+01  3.88e-03  1.32e-10  6.92e+05
  36   3.4937744e-03  -6.9717976e-03  1.05e+02  4.20e-03  1.25e-10  8.31e+05
  37   2.9189133e-03  -6.0404891e-03  8.38e+01  3.79e-03  7.60e-11  9.60e+05
  38   2.1520867e-03  -5.8672212e-03  4.96e+02  4.40e-03  7.98e-08  1.37e+06
  39   2.0569831e-03  -5.4785945e-03  8.84e+02  4.40e-03  7.51e-08  1.46e+06
  40   1.8520482e-03  -4.9187872e-03  7.58e+02  5.10e-03  6.82e-08  1.61e+06
  41   1.6300805e-03  -3.9820838e-03  6.30e+02  4.91e-03  5.64e-08  1.97e+06
  42   1.3301715e-03  -2.4746310e-03  4.72e+02  4.16e-03  3.74e-08  3.05e+06
  43   1.0457367e-03  -2.2896475e-03  3.51e+02  4.55e-03  3.49e-08  3.28e+06
  44   9.3996342e-04  -6.9345571e-04  3.06e+02  4.46e-03  1.31e-08  9.62e+06
  45   9.2061617e-04  -3.3604410e-04  2.99e+02  5.93e-03  6.40e-09  1.78e+07
  46   9.0133345e-04  -3.1617371e-04  2.96e+02  5.92e-03  5.71e-09  1.94e+07
  47   7.9800497e-04  -3.0208721e-04  2.65e+02  6.69e-03  5.36e-09  2.02e+07
  48   7.5382205e-04  -2.8946711e-04  2.52e+02  7.97e-02  5.01e-09  2.12e+07
  49   7.5108546e-04  -2.8838330e-04  2.51e+02  7.78e-02  4.98e-09  2.13e+07
  50   7.1539562e-04  -2.5193720e-04  2.40e+02  7.60e-02  4.07e-09  2.46e+07
  51   4.8331761e-04  -2.0916369e-04  1.77e+02  7.32e-02  3.32e-09  2.93e+07
  52   4.3157509e-04  -1.8683697e-04  1.65e+02  7.30e-02  2.62e-09  3.55e+07
  53   4.1894679e-04  -1.8124016e-04  1.63e+02  7.38e-02  2.47e-09  3.73e+07
  54   3.3943290e-04  -1.5346921e-04  1.79e+02  1.38e-01  1.70e-09  4.99e+07
  55   2.9167666e-04  -1.4525915e-04  1.78e+02  1.37e-01  1.55e-09  5.37e+07
  56   2.8157671e-04  -1.3963632e-04  1.73e+02  1.38e-01  1.45e-09  5.65e+07
 Barrier aborted.
Barrier time = 0.43 sec. (209.78 ticks)

Dual simplex solved model.


Log for 'COBRAProblem' Clone_1 (V12.9.0.0) Mon Mar 29 09:59:15 2021


Log for 'COBRAProblem' Clone_1 (V12.9.0.0) Mon Mar 29 09:59:15 2021


Log for 'COBRAProblem' Clone_1 (V12.9.0.0) Mon Mar 29 09:59:40 2021


Log for 'COBRAProblem' Clone_1 (V12.9.0.0) Mon Mar 29 09:59:41 2021


Log for 'COBRAProblem' Clone_1 (V12.9.0.0) Mon Mar 29 10:00:10 2021


Log for 'COBRAProblem' Clone_1 (V12.9.0.0) Mon Mar 29 10:00:10 2021


Log for 'COBRAProblem' Clone_1 (V12.9.0.0) Mon Mar 29 10:00:34 2021


Log for 'COBRAProblem' Clone_1 (V12.9.0.0) Mon Mar 29 10:00:34 2021


Log for 'COBRAProblem' Clone_1 (V12.9.0.0) Mon Mar 29 10:00:56 2021


Log for 'COBRAProblem' Clone_1 (V12.9.0.0) Mon Mar 29 10:00:56 2021


Log for 'COBRAProblem' Clone_1 (V12.9.0.0) Mon Mar 29 10:01:16 2021


Log for 'COBRAProblem' Clone_1 (V12.9.0.0) Mon Mar 29 10:01:16 2021


Log for 'COBRAProblem' Clone_1 (V12.9.0.0) Mon Mar 29 10:01:41 2021


Log for 'COBRAProblem' Clone_1 (V12.9.0.0) Mon Mar 29 10:01:41 2021


Log for 'COBRAProblem' Clone_1 (V12.9.0.0) Mon Mar 29 10:12:48 2021


Log for 'COBRAProblem' Clone_1 (V12.9.0.0) Mon Mar 29 10:12:49 2021


Log for 'COBRAProblem' Clone_1 (V12.9.0.0) Mon Mar 29 10:12:55 2021


Log for 'COBRAProblem' Clone_1 (V12.9.0.0) Mon Mar 29 10:12:55 2021


Log for 'COBRAProblem' Clone_1 (V12.9.0.0) Mon Mar 29 10:13:05 2021


Log for 'COBRAProblem' Clone_1 (V12.9.0.0) Mon Mar 29 10:13:05 2021


Log for 'COBRAProblem' Clone_1 (V12.9.0.0) Mon Mar 29 10:13:17 2021


Log for 'COBRAProblem' Clone_1 (V12.9.0.0) Mon Mar 29 10:13:17 2021


Log for 'COBRAProblem' Clone_1 (V12.9.0.0) Mon Mar 29 11:04:21 2021


Log for 'COBRAProblem' Clone_1 (V12.9.0.0) Mon Mar 29 11:04:21 2021


Log for 'COBRAProblem' Clone_1 (V12.9.0.0) Mon Mar 29 11:04:29 2021


Log for 'COBRAProblem' Clone_1 (V12.9.0.0) Mon Mar 29 11:04:29 2021


Log for 'COBRAProblem' Clone_1 (V12.9.0.0) Mon Mar 29 11:04:30 2021


Log for 'COBRAProblem' Clone_1 (V12.9.0.0) Mon Mar 29 11:04:30 2021


Log for 'COBRAProblem' Clone_1 (V12.9.0.0) Mon Mar 29 11:04:30 2021


Log for 'COBRAProblem' Clone_1 (V12.9.0.0) Mon Mar 29 11:04:30 2021


Log for 'COBRAProblem' Clone_1 (V12.9.0.0) Mon Mar 29 11:04:30 2021


Log for 'COBRAProblem' Clone_1 (V12.9.0.0) Mon Mar 29 11:04:31 2021


Log for '' Clone_1 (V12.9.0.0) Mon Mar 29 11:06:37 2021


Log for '' Clone_1 (V12.9.0.0) Mon Mar 29 11:06:37 2021


Log for '' Clone_1 (V12.9.0.0) Mon Mar 29 11:06:39 2021


Log for '' Clone_1 (V12.9.0.0) Mon Mar 29 11:06:40 2021


Log for 'CPLEX' Clone_1 (V12.9.0.0) Mon Mar 29 11:06:42 2021


Log for 'COBRAProblem' Clone_1 (V12.9.0.0) Mon Mar 29 11:07:19 2021


Log for 'COBRAProblem' Clone_1 (V12.9.0.0) Mon Mar 29 11:07:19 2021


Log for 'COBRAProblem' Clone_1 (V12.9.0.0) Mon Mar 29 11:07:35 2021


Log for 'COBRAProblem' Clone_1 (V12.9.0.0) Mon Mar 29 11:07:35 2021


Log for 'CPLEX' Clone_1 (V12.9.0.0) Mon Mar 29 11:07:35 2021

Tried aggregator 0 times.
Reduced presolve eliminated 7 rows and 14 columns.
Reduced LP has 1833 rows, 2812 columns, and 13662 nonzeros.
Presolve time = 0.01 sec. (3.43 ticks)
Symmetry aggregator did 378 additional substitutions.
Tried aggregator 0 times.
Reduced presolve eliminated 10 rows and 13 columns.
Reduced LP has 1634 rows, 2610 columns, and 13204 nonzeros.
Presolve time = 0.00 sec. (1.33 ticks)
Parallel mode: using up to 10 threads for barrier.

***NOTE: Found 3 dense columns.

Number of nonzeros in lower triangle of A*A' = 15302
Using Approximate Minimum Degree ordering
Total time for automatic ordering = 0.01 sec. (3.61 ticks)
Summary statistics for Cholesky factor:
  Threads                   = 10
  Rows in Factor            = 1637
  Integer space required    = 8618
  Total non-zeros in factor = 45677
  Total FP ops to factor    = 2125629
 Itn      Primal Obj        Dual Obj  Prim Inf Upper Inf  Dual Inf Inf Ratio
   0  -2.2665334e+07  -2.5722290e+09  3.16e+08  4.51e+07  3.59e+02  1.00e+00
   1  -2.2415961e+07  -2.5114586e+09  3.12e+08  4.46e+07  3.51e+02  3.25e-03
   2  -2.1400024e+07  -2.3738319e+09  3.00e+08  4.28e+07  3.31e+02  8.15e-04
   3  -1.9793785e+07  -2.0601658e+09  2.79e+08  3.98e+07  2.88e+02  3.42e-04
   4  -1.7511839e+07  -1.8235146e+09  2.50e+08  3.57e+07  2.55e+02  1.51e-04
   5  -1.6237323e+07  -1.7401820e+09  2.34e+08  3.35e+07  2.43e+02  7.98e-05
   6  -1.4549424e+07  -1.4151128e+09  2.13e+08  3.04e+07  1.98e+02  2.98e-05
   7  -1.3533850e+07  -1.1392304e+09  1.99e+08  2.84e+07  1.59e+02  2.19e-05
   8  -1.0508546e+07  -7.9317378e+08  1.56e+08  2.22e+07  1.11e+02  1.82e-05
   9  -6.0150704e+06  -2.9945876e+08  8.95e+07  1.28e+07  4.18e+01  1.97e-05
  10  -3.5116102e+06  -1.2409171e+08  5.06e+07  7.22e+06  1.73e+01  3.71e-05
  11  -1.6468021e+06  -6.6077703e+07  2.26e+07  3.23e+06  9.21e+00  6.45e-05
  12  -1.2463865e+06  -3.7013641e+07  1.70e+07  2.43e+06  5.16e+00  1.08e-04
  13  -7.2765712e+05  -2.6823452e+07  9.94e+06  1.42e+06  3.74e+00  1.47e-04
  14  -6.5447250e+05  -2.0038564e+07  8.80e+06  1.26e+06  2.79e+00  1.97e-04
  15  -3.6100664e+05  -1.3675077e+07  4.89e+06  6.98e+05  1.90e+00  2.76e-04
  16  -3.3720042e+05  -1.2440651e+07  4.61e+06  6.57e+05  1.73e+00  2.96e-04
  17  -2.7957679e+05  -1.1065927e+07  3.82e+06  5.45e+05  1.54e+00  3.22e-04
  18  -2.0277069e+05  -8.7077027e+06  2.67e+06  3.80e+05  1.21e+00  4.14e-04
  19  -8.6437116e+04  -2.8738022e+06  1.09e+06  1.55e+05  4.00e-01  1.31e-03
  20  -5.5681391e+04  -1.4945376e+06  6.83e+05  9.76e+04  2.08e-01  2.43e-03
  21  -3.6652471e+04  -7.6782563e+05  4.41e+05  6.30e+04  1.06e-01  4.63e-03
  22  -3.0441316e+04  -6.7146137e+05  3.65e+05  5.21e+04  9.31e-02  5.20e-03
  23  -1.4400631e+04  -3.3791582e+05  1.67e+05  2.39e+04  4.68e-02  1.03e-02
  24  -5.0574187e+03  -1.3934124e+05  5.62e+04  8.02e+03  1.93e-02  2.49e-02
  25  -1.8514504e+03  -6.2389606e+04  2.01e+04  2.87e+03  8.62e-03  5.66e-02
  26  -9.2894505e+02  -2.9584681e+04  1.00e+04  1.43e+03  4.09e-03  1.22e-01
  27  -2.5575888e+02  -5.0375809e+03  2.70e+03  3.85e+02  6.95e-04  8.49e-01
  28  -1.1691800e+02  -1.3294458e+03  1.22e+03  1.74e+02  1.83e-04  3.40e+00
  29  -3.2318318e+01  -2.5081623e+02  3.28e+02  4.68e+01  3.45e-05  1.82e+01
  30  -4.5831129e+00  -3.5278444e+01  4.61e+01  6.56e+00  4.90e-06  1.31e+02
  31  -2.5353126e-01  -1.9989392e+00  2.81e+00  3.60e-01  2.89e-07  2.37e+03
  32  -1.5022469e-02  -2.6966455e-01  1.71e-01  2.02e-02  5.17e-08  1.85e+04
  33  -1.3870256e-03  -2.4773925e-02  2.39e-02  1.22e-03  3.64e-08  2.35e+05
  34  -5.6946889e-04  -6.1452910e-03  4.42e-02  7.64e-05  2.02e-08  1.06e+06
  35  -5.7405044e-04  -2.4739630e-03  3.44e-02  5.52e-05  2.74e-08  2.89e+06
  36  -5.9586108e-04  -2.2266739e-03  3.06e-02  4.39e-05  5.60e-09  3.41e+06
  37  -6.0135542e-04  -1.9148686e-03  2.88e-02  4.09e-05  1.72e-08  4.25e+06
  38  -6.3039008e-04  -1.3147019e-03  2.41e-02  2.64e-05  3.66e-08  8.37e+06
  39  -6.4859886e-04  -1.1991556e-03  3.45e-02  1.63e-05  1.57e-08  1.05e+07
  40  -6.6036805e-04  -9.2159010e-04  7.37e-02  7.76e-06  5.45e-08  2.43e+07
  41  -6.6072461e-04  -9.1086054e-04  7.04e-02  7.48e-06  4.98e-08  2.54e+07
  42  -6.6089878e-04  -9.0297260e-04  6.92e-02  7.43e-06  7.82e-08  2.63e+07
  43  -6.6115159e-04  -8.5913492e-04  6.68e-02  7.03e-06  2.40e-08  3.22e+07
  44  -6.6139338e-04  -8.4957069e-04  6.56e-02  6.85e-06  3.09e-08  3.38e+07
Barrier time = 0.16 sec. (59.26 ticks)
Barrier time = 0.16 sec. (59.60 ticks)

Dual simplex solved model.


Log for 'CPLEX' Clone_1 (V12.9.0.0) Mon Mar 29 11:07:35 2021

Tried aggregator 0 times.
Reduced presolve eliminated 30 rows and 39 columns.
Reduced LP has 4082 rows, 4969 columns, and 18835 nonzeros.
Presolve time = 0.00 sec. (2.36 ticks)
Parallel mode: using up to 10 threads for barrier.

***NOTE: Found 12 dense columns.

Number of nonzeros in lower triangle of A*A' = 29708
Using Approximate Minimum Degree ordering
Total time for automatic ordering = 0.01 sec. (3.49 ticks)
Summary statistics for Cholesky factor:
  Threads                   = 10
  Rows in Factor            = 4094
  Integer space required    = 16104
  Total non-zeros in factor = 73192
  Total FP ops to factor    = 2995386
 Itn      Primal Obj        Dual Obj  Prim Inf Upper Inf  Dual Inf Inf Ratio
   0   1.5675979e+14  -4.7679789e+15  2.77e+14  1.16e+14  2.47e+04  1.00e+00
   1   1.4568830e+14  -1.4994898e+15  1.84e+14  7.65e+13  8.21e+03  8.38e-12
   2   1.2027781e+14  -3.6733485e+14  7.84e+13  3.27e+13  2.40e+03  2.75e-11
   3   6.1999500e+13  -1.6316316e+14  2.82e+13  1.17e+13  1.17e+03  5.86e-11
   4   3.0574168e+13  -6.8095619e+13  1.26e+13  5.23e+12  5.08e+02  1.31e-10
   5   1.6716016e+13  -4.2028799e+13  6.43e+12  2.68e+12  3.20e+02  2.02e-10
   6   7.7511897e+12  -2.5538255e+13  2.73e+12  1.14e+12  1.98e+02  3.31e-10
   7   3.9061973e+12  -1.0251905e+13  8.09e+11  3.37e+11  8.90e+01  7.45e-10
   8   1.7338974e+12  -6.5302511e+12  2.55e+11  1.06e+11  5.89e+01  1.15e-09
   9   1.2957647e+12  -4.2138823e+12  1.33e+11  5.55e+10  4.03e+01  1.73e-09
  10   8.7542100e+11  -2.1586812e+12  6.28e+10  2.61e+10  2.27e+01  3.24e-09
  11   6.4518042e+11  -1.4302990e+12  3.99e+10  1.66e+10  1.58e+01  4.77e-09
  12   4.9135402e+11  -9.5943447e+11  2.76e+10  1.15e+10  1.11e+01  6.96e-09
  13   2.9060692e+11  -3.7346752e+11  1.43e+10  5.94e+09  4.82e+00  1.71e-08
  14   1.7026572e+11  -2.5034714e+11  8.01e+09  3.34e+09  3.30e+00  2.52e-08
  15   9.2427479e+10  -1.5966825e+11  3.89e+09  1.62e+09  2.19e+00  3.90e-08
  16   3.0478527e+10  -9.2865933e+10  1.06e+09  4.41e+08  1.31e+00  6.65e-08
  17   2.3784922e+10  -6.2669811e+10  6.87e+08  2.86e+08  9.32e-01  9.80e-08
  18   2.1068844e+10  -5.7399040e+10  5.80e+08  2.42e+08  8.61e-01  1.07e-07
  19   1.4331967e+10  -2.0531036e+10  3.04e+08  1.27e+08  3.68e-01  2.92e-07
  20   1.1069368e+10  -1.5558813e+10  2.27e+08  9.46e+07  2.84e-01  3.84e-07
  21   6.7304134e+09  -6.2979630e+09  1.33e+08  5.53e+07  1.22e-01  9.49e-07
  22   2.9227943e+09  -3.1086040e+09  5.69e+07  2.37e+07  6.07e-02  1.90e-06
  23   6.5375153e+08  -1.8556001e+09  1.18e+07  4.93e+06  3.67e-02  3.17e-06
  24   2.5407750e+08  -6.3279215e+08  4.36e+06  1.82e+06  1.28e-02  9.30e-06
  25   1.8234081e+08  -1.5549156e+08  3.00e+06  1.25e+06  3.50e-03  3.77e-05
  26   3.1653309e+07  -1.1032133e+07  5.22e+05  2.17e+05  2.47e-04  5.32e-04
  27   5.0118061e+06  -1.1580681e+06  8.65e+04  3.49e+04  2.40e-05  5.06e-03
  28   2.6042700e+05  -7.3825225e+04  4.64e+03  1.83e+03  1.48e-06  7.96e-02
  29   2.0687372e+04  -3.9128120e+03  2.92e+04  1.47e+02  7.54e-08  1.58e+00
  30   2.4825402e+03  -4.0216778e+02  6.44e+03  1.88e+01  2.20e-08  3.04e+01
  31   4.5193787e+02  -2.7835264e+02  1.04e+04  4.74e+00  5.40e-07  6.60e+01
  32   4.5050542e+01  -1.5577346e+02  4.98e+03  1.30e+00  1.58e-06  1.81e+02
  33   1.5503056e+01  -4.6229221e+01  1.47e+05  6.41e-01  1.66e-05  2.74e+03
  34   1.4922861e+00  -1.0018885e+01  4.04e+04  1.37e-01  4.47e-05  2.49e+04
 Barrier aborted.
Barrier time = 0.26 sec. (128.10 ticks)

Primal simplex solved model.


Log for 'CPLEX' Clone_1 (V12.9.0.0) Mon Mar 29 11:07:35 2021

Tried aggregator 0 times.
Reduced presolve eliminated 7 rows and 14 columns.
Reduced LP has 1283 rows, 2251 columns, and 12507 nonzeros.
Presolve time = 0.01 sec. (2.79 ticks)
Parallel mode: using up to 10 threads for barrier.

***NOTE: Found 3 dense columns.

Number of nonzeros in lower triangle of A*A' = 13136
Using Approximate Minimum Degree ordering
Total time for automatic ordering = 0.00 sec. (3.21 ticks)
Summary statistics for Cholesky factor:
  Threads                   = 10
  Rows in Factor            = 1286
  Integer space required    = 7389
  Total non-zeros in factor = 41209
  Total FP ops to factor    = 2020667
 Itn      Primal Obj        Dual Obj  Prim Inf Upper Inf  Dual Inf Inf Ratio
   0  -3.9977033e+02  -2.5380498e+09  3.39e+08  1.21e+07  2.00e+00  1.00e+00
   1  -3.8776976e+02  -2.4622020e+09  3.29e+08  1.17e+07  1.94e+00  4.23e-04
   2  -3.7659448e+02  -2.2703781e+09  3.19e+08  1.14e+07  1.79e+00  1.23e-04
   3  -3.4890434e+02  -1.7701304e+09  2.96e+08  1.05e+07  1.39e+00  2.14e-05
   4  -2.7486555e+02  -1.4331081e+09  2.33e+08  8.30e+06  1.13e+00  1.56e-05
   5  -2.3441672e+02  -6.3286824e+08  1.99e+08  7.08e+06  4.99e-01  1.40e-05
   6  -1.0977317e+02  -3.6134236e+08  9.30e+07  3.31e+06  2.85e-01  2.09e-05
   7  -4.9008339e+01  -2.2283630e+08  4.15e+07  1.48e+06  1.76e-01  2.66e-05
   8  -2.1419409e+01  -9.8905080e+07  1.81e+07  6.46e+05  7.80e-02  5.87e-05
   9  -1.6623382e+01  -6.6227852e+07  1.41e+07  5.02e+05  5.22e-02  7.87e-05
  10  -8.7361118e+00  -1.3770530e+07  7.40e+06  2.64e+05  1.09e-02  2.58e-04
  11  -6.7388706e+00  -1.1804610e+07  5.71e+06  2.03e+05  9.30e-03  2.94e-04
  12  -5.4829693e+00  -9.2385054e+06  4.64e+06  1.65e+05  7.28e-03  3.65e-04
  13  -5.0445072e+00  -8.1910096e+06  4.27e+06  1.52e+05  6.46e-03  4.14e-04
  14  -4.1428019e+00  -6.4735663e+06  3.51e+06  1.25e+05  5.10e-03  4.92e-04
  15  -2.9842485e+00  -5.4787523e+06  2.53e+06  9.00e+04  4.32e-03  5.50e-04
  16  -1.7451010e+00  -3.8415528e+06  1.48e+06  5.26e+04  3.03e-03  8.43e-04
  17  -8.4225701e-01  -1.6139652e+06  7.13e+05  2.54e+04  1.27e-03  2.04e-03
  18  -4.0034764e-01  -6.2515431e+05  3.39e+05  1.21e+04  4.93e-04  5.35e-03
  19  -3.5676234e-01  -6.0653668e+05  3.02e+05  1.08e+04  4.78e-04  5.37e-03
  20  -3.1982944e-01  -5.7043798e+05  2.71e+05  9.65e+03  4.50e-04  5.38e-03
  21  -1.6104125e-01  -3.3641568e+05  1.36e+05  4.86e+03  2.65e-04  9.41e-03
  22  -8.0953964e-02  -1.5158361e+05  6.85e+04  2.44e+03  1.19e-04  2.07e-02
  23  -2.3081775e-02  -7.2100749e+04  1.95e+04  6.96e+02  5.68e-05  4.44e-02
  24  -7.1074679e-03  -2.4989871e+04  6.02e+03  2.14e+02  1.97e-05  1.33e-01
  25  -1.6502052e-03  -5.9651676e+03  1.40e+03  4.98e+01  4.71e-06  6.22e-01
  26  -2.5036556e-04  -7.3015248e+02  2.12e+02  7.54e+00  5.98e-07  5.83e+00
  27  -2.9598229e-05  -4.5016122e+01  2.48e+01  8.77e-01  5.17e-08  9.52e+01
  28  -2.3138598e-06  -3.7980400e+00  1.87e+00  5.45e-02  8.18e-09  1.13e+03
  29  -8.8558184e-07  -1.0811731e+00  5.04e-01  1.14e-02  2.69e-08  4.09e+03
  30  -5.2727854e-07  -9.6539632e-02  3.34e-02  6.17e-04  1.85e-08  4.79e+04
  31  -5.1287867e-07  -1.2222728e-02  1.73e-03  3.18e-05  1.53e-08  3.82e+05
  32  -5.3884009e-07  -3.1590051e-03  1.94e-03  1.38e-05  1.93e-08  1.46e+06
  33  -5.7772232e-07  -1.1318061e-03  2.50e-03  1.16e-05  2.54e-08  4.03e+06
  34  -6.8033359e-07  -7.6929054e-04  2.78e-03  9.48e-06  2.19e-08  5.91e+06
  35  -7.6501239e-07  -6.1614651e-04  1.07e-02  7.76e-06  1.61e-08  7.45e+06
  36  -8.1264615e-07  -3.5476035e-04  8.97e-03  6.44e-06  1.48e-08  1.30e+07
  37  -8.1485832e-07  -3.5064653e-04  8.97e-03  6.39e-06  1.24e-08  1.32e+07
  38  -9.6028731e-07  -1.4211550e-04  3.09e-02  2.87e-06  7.12e-09  3.46e+07
Barrier time = 0.14 sec. (44.50 ticks)

Dual simplex solved model.


Log for 'CPLEX' Clone_1 (V12.9.0.0) Mon Mar 29 11:07:35 2021

Tried aggregator 0 times.
Reduced presolve eliminated 30 rows and 39 columns.
Reduced LP has 4087 rows, 4976 columns, and 18851 nonzeros.
Presolve time = 0.00 sec. (2.37 ticks)
Parallel mode: using up to 10 threads for barrier.

***NOTE: Found 12 dense columns.

Number of nonzeros in lower triangle of A*A' = 29763
Using Approximate Minimum Degree ordering
Total time for automatic ordering = 0.01 sec. (3.49 ticks)
Summary statistics for Cholesky factor:
  Threads                   = 10
  Rows in Factor            = 4099
  Integer space required    = 16082
  Total non-zeros in factor = 73318
  Total FP ops to factor    = 3002300
 Itn      Primal Obj        Dual Obj  Prim Inf Upper Inf  Dual Inf Inf Ratio
   0   4.6590613e+14  -4.7778789e+15  8.78e+14  1.28e+15  2.47e+04  1.00e+00
   1   2.5240022e+14  -7.4687233e+14  3.57e+14  5.22e+14  4.32e+03  5.23e-12
   2   8.1214293e+13  -1.2978154e+14  7.03e+13  1.03e+14  9.28e+02  1.31e-11
   3   2.4764689e+13  -5.2118608e+13  2.13e+13  3.11e+13  3.74e+02  3.44e-11
   4   1.2011679e+13  -2.4408927e+13  9.24e+12  1.35e+13  1.83e+02  9.03e-11
   5   4.3662731e+12  -7.7918690e+12  3.24e+12  4.73e+12  5.97e+01  3.00e-10
   6   1.9513276e+12  -3.8010142e+12  1.30e+12  1.90e+12  3.04e+01  6.79e-10
   7   9.1102000e+11  -1.8650596e+12  5.30e+11  7.75e+11  1.57e+01  1.48e-09
   8   7.0216952e+11  -1.1974288e+12  3.79e+11  5.54e+11  1.05e+01  2.44e-09
   9   2.6604408e+11  -4.7306621e+11  1.11e+11  1.62e+11  4.59e+00  7.26e-09
  10   1.5010088e+11  -2.1186490e+11  5.83e+10  8.52e+10  2.17e+00  1.74e-08
  11   4.5518043e+10  -7.8736249e+10  1.62e+10  2.37e+10  8.38e-01  5.02e-08
  12   3.4384284e+10  -2.1866645e+10  1.17e+10  1.71e+10  2.73e-01  2.23e-07
  13   1.2565916e+10  -1.0561842e+10  4.58e+09  6.70e+09  1.21e-01  4.89e-07
  14   9.0534096e+09  -9.1462170e+09  3.35e+09  4.90e+09  1.04e-01  5.71e-07
  15   5.0966180e+09  -4.1902742e+09  1.87e+09  2.73e+09  4.83e-02  1.27e-06
  16   1.2761562e+09  -1.3851379e+09  4.75e+08  6.94e+08  1.58e-02  3.90e-06
  17   4.5500005e+08  -7.4399874e+08  1.64e+08  2.39e+08  8.60e-03  7.35e-06
  18   1.1282853e+08  -1.5786259e+08  3.29e+07  4.81e+07  2.06e-03  3.56e-05
  19   8.1790937e+07  -7.9137377e+07  2.35e+07  3.44e+07  1.05e-03  7.11e-05
  20   2.9953118e+07  -5.9145792e+07  8.65e+06  1.26e+07  7.88e-04  9.57e-05
  21   1.0957056e+07  -1.1871761e+07  3.02e+06  4.41e+06  1.66e-04  4.80e-04
  22   3.2272452e+06  -1.0837133e+06  8.83e+05  1.29e+06  1.56e-05  5.29e-03
  23   1.8512459e+05  -6.3406024e+04  5.07e+04  7.41e+04  9.09e-07  9.04e-02
  24   9.5132037e+03  -9.5982750e+03  2.61e+03  3.81e+03  1.38e-07  5.97e-01
  25   3.5991375e+03  -2.6392969e+03  5.21e+04  1.44e+03  2.91e-06  2.18e+00
  26   1.9740765e+02  -2.7784052e+02  2.86e+03  7.88e+01  3.06e-07  2.07e+01
  27   1.3074072e+01  -1.4684500e+01  8.78e+03  5.12e+00  1.63e-08  3.94e+02
  28   8.1548408e-01  -8.2509713e-01  6.08e+04  3.75e-01  8.59e-10  7.57e+03
  29   1.4015174e-01  -1.1705499e-01  1.51e+04  6.84e-02  1.54e-09  1.01e+05
  30   1.8369944e-02  -5.5977092e-02  5.80e+03  2.00e-02  2.75e-08  5.18e+05
  31   1.4785560e-03  -2.4324147e-02  5.34e+03  7.97e-02  3.27e-07  4.64e+06
  32   3.1225584e-04  -1.4901217e-02  1.00e+04  2.60e-03  1.68e-07  6.99e+06
  33   1.5703408e-04  -1.0920673e-02  6.76e+03  5.45e-03  1.01e-07  9.77e+06
  34   1.4722814e-04  -7.0355813e-03  6.27e+03  8.14e-02  1.18e-07  1.61e+07
  35   1.2190963e-04  -5.0421314e-03  8.57e+03  8.14e-02  1.20e-07  2.30e+07
  36   1.1496227e-04  -4.3483830e-03  8.09e+03  6.27e-03  1.48e-07  2.69e+07
  37   7.9396942e-05  -3.5504549e-03  6.45e+03  8.69e-02  1.81e-07  3.33e+07
  38   7.8804237e-05  -3.4569348e-03  6.39e+03  8.31e-02  1.85e-07  3.42e+07
  39   6.7436556e-05  -3.2094214e-03  5.71e+03  6.47e-03  1.88e-07  3.70e+07
  40   6.4104168e-05  -2.9619096e-03  1.44e+04  8.38e-02  1.89e-07  4.04e+07
  41   6.2723750e-05  -2.7892364e-03  1.42e+04  8.42e-02  1.97e-07  4.31e+07
  42   5.3378448e-05  -2.3733230e-03  1.26e+04  8.74e-02  3.44e-06  5.13e+07
  43   4.8126357e-05  -2.2913587e-03  1.11e+04  8.58e-02  3.32e-06  5.32e+07
  44   3.1508750e-05  -2.1269035e-03  1.53e+04  1.13e-02  3.23e-06  5.77e+07
  45   2.8623487e-05  -2.0188327e-03  1.33e+04  8.31e-02  3.02e-06  6.11e+07
  46   1.9249978e-05  -1.6049374e-03  1.96e+04  3.18e-03  2.36e-06  7.84e+07
  47   1.8338132e-05  -1.3712382e-03  1.78e+04  4.37e-03  2.07e-06  9.35e+07
  48   1.7581179e-05  -1.1996502e-03  1.66e+04  5.75e-03  2.87e-06  1.08e+08
  49   1.7052963e-05  -1.1762807e-03  1.59e+04  5.53e-03  2.83e-06  1.11e+08
  50   1.6391228e-05  -1.1657857e-03  1.58e+04  9.01e-02  2.69e-06  1.12e+08
  51   1.2648130e-05  -9.2082197e-04  1.10e+04  6.44e-03  2.04e-06  1.45e+08
  52   1.2431082e-05  -7.9875829e-04  1.07e+04  8.46e-02  1.99e-06  1.69e+08
  53   1.1798266e-05  -7.2316711e-04  9.91e+03  9.05e-02  1.93e-06  1.89e+08
  54   1.1438630e-05  -6.3130128e-04  9.52e+03  6.77e-03  1.67e-06  2.18e+08
  55   1.1078543e-05  -5.3293166e-04  9.13e+03  1.21e-02  1.46e-06  2.61e+08
  56   1.0562605e-05  -4.6679667e-04  8.57e+03  8.44e-02  1.56e-06  2.99e+08
  57   1.0099894e-05  -4.3970462e-04  8.04e+03  8.70e-02  1.45e-06  3.17e+08
  58   8.7070699e-06  -3.8313294e-04  6.71e+03  8.37e-02  1.30e-06  3.63e+08
  59   5.7565205e-06  -3.0403219e-04  3.90e+04  8.31e-02  1.06e-06  4.55e+08
  60   5.6815192e-06  -2.6318583e-04  3.82e+04  6.31e-03  7.71e-07  5.25e+08
  61   4.7159263e-06  -2.5701394e-04  2.87e+04  8.41e-02  7.61e-07  5.37e+08
  62   4.5069384e-06  -1.9980794e-04  2.64e+04  7.83e-03  5.99e-07  6.84e+08
  63   4.0929401e-06  -1.8720301e-04  2.25e+04  7.99e-03  5.85e-07  7.26e+08
  64   3.9539199e-06  -1.7410784e-04  2.34e+04  7.08e-03  3.77e-07  7.74e+08
  65   3.7850794e-06  -1.5860087e-04  2.24e+04  8.44e-02  3.73e-07  8.41e+08
  66   3.4433116e-06  -1.2663889e-04  1.80e+04  8.33e-02  6.72e-07  1.01e+09
  67   3.4402249e-06  -1.2570859e-04  1.79e+04  1.66e-01  6.70e-07  1.02e+09
  68   2.6965909e-06  -7.5774248e-05  1.21e+04  5.75e-03  5.36e-07  1.53e+09
  69   2.6961365e-06  -7.5751887e-05  1.21e+04  8.43e-02  5.35e-07  1.53e+09
  70   2.4806087e-06  -7.4871544e-05  1.25e+04  5.99e-03  5.33e-07  1.54e+09
  71   2.4207995e-06  -7.1440284e-05  1.20e+04  8.69e-03  5.24e-07  1.60e+09
  72   2.3180397e-06  -5.5637452e-05  1.14e+04  6.54e-03  4.82e-07  1.95e+09
  73   2.2880267e-06  -5.0431193e-05  1.11e+04  7.64e-03  6.76e-07  2.10e+09
  74   1.8798758e-06  -4.2072659e-05  1.51e+04  7.25e-03  6.19e-07  2.39e+09
  75   1.8414413e-06  -4.0543630e-05  1.47e+04  8.43e-02  5.97e-07  2.46e+09
  76   1.7089964e-06  -3.4402114e-05  1.29e+04  8.38e-02  5.11e-07  2.76e+09
  77   1.7043857e-06  -3.4198925e-05  1.28e+04  8.49e-02  4.99e-07  2.77e+09
  78   1.6293924e-06  -3.0587828e-05  1.19e+04  8.52e-02  4.81e-07  2.97e+09
  79   1.6259563e-06  -3.0381574e-05  1.18e+04  8.41e-03  4.78e-07  2.98e+09
  80   1.5926032e-06  -2.8328839e-05  1.10e+04  9.60e-03  4.30e-07  3.09e+09
  81   1.5614258e-06  -2.6342168e-05  1.04e+04  8.48e-03  4.24e-07  3.20e+09
  82   1.4984874e-06  -2.2508726e-05  9.42e+03  9.40e-03  3.09e-07  3.43e+09
  83   1.4088377e-06  -2.0523789e-05  1.07e+04  6.24e-03  2.71e-07  3.56e+09
  84   1.4059243e-06  -2.0238609e-05  1.06e+04  8.80e-02  2.71e-07  3.57e+09
  85   1.3968596e-06  -1.9324144e-05  1.04e+04  7.23e-03  2.74e-07  3.64e+09
  86   1.3781029e-06  -1.4780975e-05  1.13e+04  6.62e-03  2.49e-07  3.95e+09
  87   1.3490970e-06  -1.2717398e-05  1.31e+04  8.31e-03  3.05e-07  4.12e+09
  88   1.3386032e-06  -1.1822363e-05  1.23e+04  8.48e-02  3.02e-07  4.19e+09
  89   1.3367781e-06  -1.0379861e-05  1.11e+04  8.50e-02  3.05e-07  4.27e+09
  90   1.1016159e-06  -8.1389619e-06  8.53e+03  8.32e-02  4.52e-07  4.88e+09
  91   1.1030977e-06  -8.0149149e-06  8.48e+03  1.64e-01  4.50e-07  4.89e+09
  92   1.1304201e-06  -7.4577031e-06  7.81e+03  8.43e-02  4.30e-07  4.89e+09
  93   1.1670943e-06  -6.5557110e-06  7.46e+03  8.44e-02  5.09e-07  4.84e+09
  94   1.1783745e-06  -6.1905960e-06  7.07e+03  8.46e-02  4.87e-07  4.83e+09
  95   1.2635857e-06  -4.4561354e-06  6.12e+03  8.62e-02  3.18e-07  4.68e+09
  96   1.3485964e-06  -3.7359859e-06  5.58e+03  8.46e-02  3.20e-07  4.45e+09
  97   1.4136156e-06  -3.4066580e-06  5.11e+03  8.34e-02  3.20e-07  4.36e+09
  98   1.5297116e-06  -2.1274519e-06  4.40e+03  8.59e-02  2.78e-07  4.07e+09
  99   1.5387709e-06  -1.3893171e-06  1.29e+04  5.91e-03  2.88e-07  4.07e+09
 100   1.4292464e-06  -7.7944822e-07  1.60e+04  8.51e-02  2.99e-07  4.43e+09
 101   1.4279127e-06   3.9576115e-08  1.53e+04  8.31e-02  2.06e-07  4.49e+09
 102   1.4234640e-06   5.2816209e-08  1.50e+04  8.49e-02  2.08e-07  4.50e+09
 103   1.4163674e-06   7.9052541e-08  1.47e+04  8.45e-02  2.11e-07  4.52e+09
 104   1.4115979e-06   1.0813617e-07  1.43e+04  8.47e-02  2.14e-07  4.54e+09
 105   1.3675913e-06   8.5470813e-07  1.04e+04  8.34e-02  2.93e-07  4.83e+09
 106   1.3153151e-06   8.3214162e-07  9.86e+03  8.69e-02  4.18e-07  5.01e+09
 107   1.2737623e-06   8.2300524e-07  9.67e+03  6.44e-03  4.13e-07  5.17e+09
 108   1.2770851e-06   8.3920746e-07  9.03e+03  8.65e-02  4.10e-07  5.16e+09
 109   1.2725309e-06   8.7850135e-07  8.04e+03  8.46e-02  4.01e-07  5.16e+09
 110   1.2850178e-06   9.1257287e-07  7.59e+03  8.44e-02  3.96e-07  5.11e+09
 111   1.3063812e-06   9.8587809e-07  6.45e+03  8.38e-02  3.23e-07  5.01e+09
 112   1.3063754e-06   9.8594404e-07  6.45e+03  1.67e-01  3.23e-07  5.01e+09
 113   1.3062690e-06   9.8758969e-07  6.41e+03  2.54e-01  3.23e-07  5.00e+09
 114   1.3064942e-06   9.9103812e-07  6.85e+03  2.47e-01  3.17e-07  5.00e+09
 115   1.3085705e-06   1.0041182e-06  6.56e+03  2.48e-01  3.13e-07  4.99e+09
 116   1.3184899e-06   1.0409784e-06  6.05e+03  1.65e-01  2.96e-07  4.94e+09
 117   1.3190719e-06   1.0429469e-06  6.01e+03  1.67e-01  2.96e-07  4.94e+09
 118   1.3200970e-06   1.0454986e-06  5.98e+03  8.74e-02  2.96e-07  4.94e+09
 119   1.3226351e-06   1.0518944e-06  5.89e+03  1.71e-01  2.96e-07  4.92e+09
 120   1.3418730e-06   1.0907408e-06  5.45e+03  1.70e-01  2.80e-07  4.84e+09
 121   1.4499429e-06   1.3471033e-06  8.78e+03  8.83e-02  2.96e-07  4.30e+09
 122   1.4505826e-06   1.3478229e-06  8.76e+03  8.82e-02  2.97e-07  4.30e+09
 123   1.4632211e-06   1.3663753e-06  8.35e+03  8.89e-02  2.97e-07  4.27e+09
 124   1.4732845e-06   1.3808938e-06  8.06e+03  1.72e-01  2.99e-07  4.25e+09
 125   1.4877813e-06   1.4003255e-06  7.76e+03  8.95e-02  3.01e-07  4.21e+09
 126   1.5141497e-06   1.4336477e-06  4.53e+04  8.73e-02  2.91e-07  4.15e+09
 127   1.5471067e-06   1.4747827e-06  4.12e+04  8.67e-02  2.73e-07  4.07e+09
 128   1.6041974e-06   1.6823065e-06  3.28e+04  8.55e-02  3.07e-07  3.73e+09
 129   1.6029674e-06   1.6792863e-06  3.20e+04  8.60e-02  3.07e-07  3.74e+09
 130   1.6026444e-06   1.6751331e-06  3.04e+04  8.54e-02  3.28e-07  3.76e+09
 131   1.6062306e-06   1.6751014e-06  2.88e+04  8.56e-02  3.20e-07  3.77e+09
 132   1.6287746e-06   1.6866783e-06  2.41e+04  8.57e-02  1.52e-06  3.76e+09
 133   1.6367782e-06   1.6925598e-06  2.33e+04  8.61e-02  1.48e-06  3.75e+09
 134   1.5740796e-06   1.6200888e-06  1.93e+04  8.86e-03  1.27e-06  3.93e+09
 135   1.5898169e-06   1.6303259e-06  1.70e+04  9.41e-03  1.16e-06  3.91e+09
 136   1.5909400e-06   1.6212050e-06  1.58e+04  9.11e-03  1.48e-06  3.95e+09
 137   1.5686949e-06   1.5978593e-06  1.53e+04  1.01e-02  1.44e-06  4.01e+09
 138   1.5229011e-06   1.5496491e-06  1.44e+04  1.01e-02  1.21e-06  4.14e+09
 139   1.5183620e-06   1.5330168e-06  1.42e+04  9.48e-03  1.18e-06  4.18e+09
 140   1.4520172e-06   1.4644458e-06  1.24e+04  9.25e-02  9.48e-07  4.38e+09
 141   1.1800825e-06   9.4498135e-07  1.34e+04  8.70e-02  6.86e-07  6.79e+09
 142   1.1550994e-06   9.2937225e-07  1.29e+04  8.47e-02  6.72e-07  6.88e+09
 143   1.1548125e-06   9.2921627e-07  1.29e+04  8.56e-02  7.25e-07  6.88e+09
 144   1.1530210e-06   9.2896983e-07  1.29e+04  1.64e-01  7.25e-07  6.88e+09
 145   7.5590036e-07   6.7633179e-07  7.72e+03  8.31e-02  1.30e-06  9.31e+09
 Barrier aborted.
Barrier time = 1.02 sec. (532.86 ticks)

Dual simplex solved model.

