
Log for 'COBRAProblem' Clone_2 (V12.9.0.0) Wed Mar 24 14:18:05 2021


Log for 'COBRAProblem' Clone_2 (V12.9.0.0) Wed Mar 24 14:19:36 2021


Log for 'COBRAProblem' Clone_2 (V12.9.0.0) Wed Mar 24 14:20:10 2021


Log for 'COBRAProblem' Clone_2 (V12.9.0.0) Wed Mar 24 14:20:19 2021


Log for 'COBRAProblem' Clone_2 (V12.9.0.0) Wed Mar 24 14:20:25 2021


Log for 'COBRAProblem' Clone_2 (V12.9.0.0) Wed Mar 24 14:25:39 2021


Log for 'COBRAProblem' Clone_2 (V12.9.0.0) Wed Mar 24 14:25:47 2021


Log for 'COBRAProblem' Clone_2 (V12.9.0.0) Wed Mar 24 14:34:58 2021


Log for 'COBRAProblem' Clone_2 (V12.9.0.0) Wed Mar 24 14:43:04 2021


Log for 'COBRAProblem' Clone_2 (V12.9.0.0) Wed Mar 24 14:43:17 2021


Log for 'COBRAProblem' Clone_2 (V12.9.0.0) Wed Mar 24 14:44:17 2021


Log for 'COBRAProblem' Clone_2 (V12.9.0.0) Wed Mar 24 14:46:30 2021


Log for 'COBRAProblem' Clone_2 (V12.9.0.0) Wed Mar 24 14:46:36 2021


Log for 'COBRAProblem' Clone_2 (V12.9.0.0) Wed Mar 24 14:53:23 2021


Log for 'COBRAProblem' Clone_2 (V12.9.0.0) Wed Mar 24 14:54:07 2021


Log for 'COBRAProblem' Clone_2 (V12.9.0.0) Wed Mar 24 14:55:16 2021


Log for 'COBRAProblem' Clone_2 (V12.9.0.0) Wed Mar 24 14:55:24 2021


Log for 'COBRAProblem' Clone_2 (V12.9.0.0) Wed Mar 24 14:55:40 2021


Log for 'COBRAProblem' Clone_2 (V12.9.0.0) Wed Mar 24 14:57:46 2021


Log for 'COBRAProblem' Clone_2 (V12.9.0.0) Wed Mar 24 14:58:13 2021


Log for 'COBRAProblem' Clone_2 (V12.9.0.0) Wed Mar 24 14:58:57 2021


Log for 'COBRAProblem' Clone_2 (V12.9.0.0) Wed Mar 24 14:59:31 2021


Log for 'COBRAProblem' Clone_2 (V12.9.0.0) Wed Mar 24 14:59:45 2021


Log for 'COBRAProblem' Clone_2 (V12.9.0.0) Wed Mar 24 15:00:08 2021


Log for 'COBRAProblem' Clone_2 (V12.9.0.0) Wed Mar 24 15:02:09 2021


Log for 'COBRAProblem' Clone_2 (V12.9.0.0) Wed Mar 24 15:02:38 2021


Log for 'COBRAProblem' Clone_2 (V12.9.0.0) Wed Mar 24 15:03:06 2021


Log for 'COBRAProblem' Clone_2 (V12.9.0.0) Wed Mar 24 15:03:15 2021


Log for 'COBRAProblem' Clone_2 (V12.9.0.0) Wed Mar 24 15:03:15 2021


Log for 'COBRAProblem' Clone_2 (V12.9.0.0) Wed Mar 24 15:03:15 2021


Log for 'COBRAProblem' Clone_2 (V12.9.0.0) Wed Mar 24 15:03:16 2021


Log for 'COBRAProblem' Clone_2 (V12.9.0.0) Wed Mar 24 15:05:27 2021


Log for 'COBRAProblem' Clone_2 (V12.9.0.0) Wed Mar 24 15:05:36 2021


Log for 'COBRAProblem' Clone_2 (V12.9.0.0) Wed Mar 24 15:05:36 2021


Log for 'COBRAProblem' Clone_2 (V12.9.0.0) Wed Mar 24 15:05:36 2021


Log for 'COBRAProblem' Clone_2 (V12.9.0.0) Wed Mar 24 15:05:37 2021


Log for '' Clone_2 (V12.9.0.0) Wed Mar 24 15:07:16 2021


Log for '' Clone_2 (V12.9.0.0) Wed Mar 24 15:07:18 2021


Log for 'CPLEX' Clone_2 (V12.9.0.0) Wed Mar 24 15:07:20 2021


Log for 'COBRAProblem' Clone_2 (V12.9.0.0) Wed Mar 24 15:19:49 2021


Log for 'COBRAProblem' Clone_2 (V12.9.0.0) Wed Mar 24 15:20:00 2021


Log for 'COBRAProblem' Clone_2 (V12.9.0.0) Wed Mar 24 15:20:00 2021


Log for 'COBRAProblem' Clone_2 (V12.9.0.0) Wed Mar 24 15:20:00 2021


Log for 'COBRAProblem' Clone_2 (V12.9.0.0) Wed Mar 24 15:20:01 2021


Log for '' Clone_2 (V12.9.0.0) Wed Mar 24 15:22:26 2021


Log for '' Clone_2 (V12.9.0.0) Wed Mar 24 15:22:29 2021


Log for 'CPLEX' Clone_2 (V12.9.0.0) Wed Mar 24 15:22:31 2021


Log for 'COBRAProblem' Clone_2 (V12.9.0.0) Wed Mar 24 15:36:31 2021


Log for 'COBRAProblem' Clone_2 (V12.9.0.0) Wed Mar 24 15:36:51 2021


Log for 'CPLEX' Clone_2 (V12.9.0.0) Wed Mar 24 15:36:51 2021


Iteration log . . .
Iteration:     1    Scaled infeas =     226549661.686868
Iteration:   246    Scaled infeas =      32781846.821079
Iteration:   399    Scaled infeas =      14992671.655087
Iteration:   548    Scaled infeas =      12536344.691545
Iteration:   683    Scaled infeas =       9409557.577492
Iteration:   829    Scaled infeas =       6010067.579397
Iteration:   977    Scaled infeas =       3059073.789321
Iteration:  1110    Scaled infeas =       2241422.146017
Iteration:  1230    Scaled infeas =       2173405.395513
Iteration:  1350    Scaled infeas =       1844824.052327
Switched to devex.
Iteration:  1464    Scaled infeas =       1739420.580237
Iteration:  1596    Scaled infeas =        613985.836163
Iteration:  1722    Scaled infeas =        204526.808419
Iteration:  1837    Scaled infeas =        123230.065239
Iteration:  1966    Scaled infeas =         86307.887235
Iteration:  2092    Scaled infeas =         19766.849689
Iteration:  2246    Scaled infeas =          1059.725146
Iteration:  2361    Scaled infeas =           741.399025
Iteration:  2473    Scaled infeas =           271.344113
Switched to steepest-edge.
Iteration:  2603    Scaled infeas =           271.345377
Iteration:  2700    Scaled infeas =           159.630804
Iteration:  2780    Scaled infeas =           149.496157
Markowitz threshold set to 0.1
Iteration:  2785    Scaled infeas =           149.496157
Iteration:  2788    Scaled infeas =           149.499812
Iteration:  2877    Scaled infeas =            56.337307
Iteration:  2955    Scaled infeas =            55.687771
Iteration:  3059    Scaled infeas =            54.165776
Removing shift (521).

Dual simplex solved model.


Log for 'CPLEX' Clone_2 (V12.9.0.0) Wed Mar 24 15:36:51 2021

Symmetry aggregator did 1824 additional substitutions.

Iteration log . . .
Iteration:     1    Scaled infeas = 27982653992347.968750
Iteration:    23    Scaled infeas = 16491175494705.320312
Iteration:   223    Scaled infeas = 5225819606353.170898
Iteration:   374    Scaled infeas = 3152468331625.327148
Iteration:   572    Scaled infeas = 1827189644434.835449
Iteration:   744    Scaled infeas = 1440589188759.304688
Iteration:   947    Scaled infeas = 1384058271306.421875
Iteration:  1095    Scaled infeas = 1217091322181.418701
Iteration:  1259    Scaled infeas =  878041302952.899536
Iteration:  1422    Scaled infeas =  808087211417.672729
Iteration:  1587    Scaled infeas =  261170411105.022247
Iteration:  1764    Scaled infeas =   71046871803.577835
Iteration:  1929    Scaled infeas =   63589395847.063354
Iteration:  2110    Scaled infeas =   52546274807.038567
Switched to devex.
Iteration:  2291    Scaled infeas =   40579743001.036209
Iteration:  2460    Scaled infeas =    6406301696.298543
Iteration:  2622    Scaled infeas =    2173344398.699118
Iteration:  2781    Scaled infeas =      87557077.834539
Iteration:  2942    Scaled infeas =      50416973.819592
Iteration:  3085    Scaled infeas =        281418.025395
Iteration:  3231    Scaled infeas =        281417.653945
Iteration:  3359    Scaled infeas =        278304.202001
Iteration:  3510    Scaled infeas =        176216.073872
Iteration:  3677    Scaled infeas =          5750.439907
Iteration:  3768    Objective     = 2802231597724.260742
Iteration:  3941    Objective     =  202258522873.119080
Iteration:  3943    Objective     =  102572417507.720306
Iteration:  4098    Objective     =     521073229.066307
Removing shift (50).
Iteration:  4242    Scaled infeas =             0.000009
Iteration:  4257    Objective     =             0.000000
Removing shift (2).
Switched to steepest-edge.
Iteration:  4285    Infeasibility =             0.000042
Iteration:  4320    Objective     =             0.000000
Iteration:  4349    Infeasibility =             0.000011
Iteration:  4362    Infeasibility =             0.000162
Iteration:  4364    Objective     =            -0.000157
Removing shift (1).

Primal crossover.
  Primal:  Fixed no variables.
  Dual:  Fixing 118 variables.
      117 DMoves:  Infeasibility  5.71428571e-01  Objective  8.44770763e-08
        0 DMoves:  Infeasibility  1.50394089e-12  Objective  8.44770763e-08
  Dual:  Pushed 35, exchanged 83.
Switched to devex.
Iteration:  4394    Scaled infeas =             0.000002
Iteration:  4646    Scaled infeas =             0.000002
Iteration:  4773    Objective     =            -0.000010
Removing shift (12).
Iteration:  4915    Scaled infeas =             0.000002
Iteration:  4925    Objective     =             0.000000
Switched to steepest-edge.
Iteration:  4942    Infeasibility =             0.000020
Iteration:  4960    Objective     =             0.000061
Iteration:  4989    Infeasibility =             0.000006
Iteration:  5006    Objective     =             0.000059

Primal simplex solved model.


Log for 'CPLEX' Clone_2 (V12.9.0.0) Wed Mar 24 15:36:52 2021


Iteration log . . .
Iteration:     1    Scaled infeas =     179111112.786405
Iteration:   169    Scaled infeas =      45219449.181151
Iteration:   274    Scaled infeas =      31551097.680727
Iteration:   384    Scaled infeas =      19917685.837564
Iteration:   501    Scaled infeas =      14958935.737221
Iteration:   631    Scaled infeas =      10030915.837603
Iteration:   756    Scaled infeas =       7047918.835453
Iteration:   881    Scaled infeas =       3625124.028619
Switched to devex.
Iteration:  1002    Scaled infeas =       1666974.440485
Iteration:  1153    Scaled infeas =        858881.401185
Iteration:  1276    Scaled infeas =        698234.600302
Markowitz threshold set to 0.1
Iteration:  1278    Scaled infeas =        698234.600333
Iteration:  1381    Scaled infeas =        644630.099935
Iteration:  1487    Scaled infeas =        483032.758442
Iteration:  1626    Scaled infeas =         80007.404050
Iteration:  1740    Scaled infeas =         44427.864048
Switched to steepest-edge.
Iteration:  1857    Scaled infeas =          1389.635559
Iteration:  1936    Scaled infeas =           862.989425
Iteration:  2018    Scaled infeas =            39.620796
Iteration:  2092    Scaled infeas =            38.707468
Iteration:  2177    Scaled infeas =            38.707460
Iteration:  2250    Scaled infeas =             3.824650
Removing shift (397).

Dual simplex solved model.


Log for 'CPLEX' Clone_2 (V12.9.0.0) Wed Mar 24 15:36:52 2021

Symmetry aggregator did 1827 additional substitutions.

Iteration log . . .
Iteration:     1    Scaled infeas = 26897354564773.218750
Iteration:    24    Scaled infeas = 15499817762834.664062
Iteration:   249    Scaled infeas = 5268909230775.182617
Iteration:   450    Scaled infeas = 3715276281823.274902
Iteration:   630    Scaled infeas = 2847744073954.723145
Iteration:   815    Scaled infeas = 2227073911861.738281
Iteration:   974    Scaled infeas = 1836299629629.309326
Iteration:  1134    Scaled infeas = 1578407680012.192139
Iteration:  1306    Scaled infeas = 1294377546613.624756
Iteration:  1474    Scaled infeas =  940661650898.497192
Iteration:  1657    Scaled infeas =  425174831814.358154
Iteration:  1815    Scaled infeas =  207529989260.640045
Iteration:  1992    Scaled infeas =  190036481311.100677
Markowitz threshold set to 0.1
Iteration:  2015    Scaled infeas =  166013043811.100647
Iteration:  2170    Scaled infeas =   84572729647.751404
Switched to devex.
Iteration:  2381    Scaled infeas =   22410632434.114151
Iteration:  2555    Scaled infeas =   13050508346.576134
Iteration:  2727    Scaled infeas =    6979343141.579399
Iteration:  2903    Scaled infeas =    4533748956.601089
Iteration:  2907    Scaled infeas =    4533748956.601507
Iteration:  3060    Scaled infeas =    3041705602.744867
Iteration:  3125    Scaled infeas =    1953136556.804551
Iteration:  3155    Scaled infeas =    1225645338.930764
Iteration:  3322    Scaled infeas =     247043578.049332
Iteration:  3484    Scaled infeas =     211515703.537259
Iteration:  3525    Scaled infeas =     208879196.149039
Iteration:  3676    Scaled infeas =     126704254.112841
Iteration:  3835    Scaled infeas =      89349503.120272
Iteration:  3845    Scaled infeas =      83001371.407405
Iteration:  3890    Scaled infeas =      83001371.406964
Iteration:  4073    Scaled infeas =      82761011.156167
Iteration:  4085    Scaled infeas =      82761011.158943
Iteration:  4282    Scaled infeas =      82761011.156397
Iteration:  4284    Scaled infeas =      82761011.159866
Switched to steepest-edge.
Iteration:  4435    Scaled infeas =       4768656.628485
Iteration:  4537    Scaled infeas =       4768656.627461
Iteration:  4541    Scaled infeas =       4768656.627706
Iteration:  4562    Scaled infeas =       4768656.628153
Iteration:  4686    Scaled infeas =       4768656.627391
Iteration:  4699    Scaled infeas =       4768656.639898
Iteration:  4802    Scaled infeas =       4589538.159166
Iteration:  4901    Scaled infeas =        385787.737138
Iteration:  4912    Scaled infeas =        385787.749406
Iteration:  5013    Scaled infeas =        385787.744488
Iteration:  5106    Scaled infeas =        385787.744470
Iteration:  5120    Scaled infeas =        385787.743025
Iteration:  5125    Scaled infeas =        385787.742641
Iteration:  5126    Scaled infeas =        385787.742642
Iteration:  5258    Scaled infeas =        163861.990575
Iteration:  5389    Scaled infeas =        162546.016074
Iteration:  5529    Scaled infeas =        162199.020894
Iteration:  5645    Scaled infeas =        162199.017971
Iteration:  5758    Scaled infeas =        162199.018032
Iteration:  5767    Scaled infeas =        162199.030028
Iteration:  5889    Scaled infeas =        162199.018231
Iteration:  6000    Scaled infeas =        162199.018359
Iteration:  6003    Scaled infeas =        162199.018354
Removing shift (913).

Dual simplex solved model.


Log for 'COBRAProblem' Clone_2 (V12.9.0.0) Fri Mar 26 15:46:24 2021


Log for 'COBRAProblem' Clone_2 (V12.9.0.0) Fri Mar 26 15:46:34 2021


Log for 'COBRAProblem' Clone_2 (V12.9.0.0) Fri Mar 26 15:46:34 2021


Log for 'COBRAProblem' Clone_2 (V12.9.0.0) Fri Mar 26 15:46:35 2021


Log for 'COBRAProblem' Clone_2 (V12.9.0.0) Fri Mar 26 15:46:35 2021


Log for '' Clone_2 (V12.9.0.0) Fri Mar 26 15:48:39 2021


Log for '' Clone_2 (V12.9.0.0) Fri Mar 26 15:48:41 2021


Log for 'CPLEX' Clone_2 (V12.9.0.0) Fri Mar 26 15:48:43 2021


Log for 'COBRAProblem' Clone_2 (V12.9.0.0) Fri Mar 26 15:49:40 2021


Log for 'COBRAProblem' Clone_2 (V12.9.0.0) Fri Mar 26 15:49:59 2021


Log for 'CPLEX' Clone_2 (V12.9.0.0) Fri Mar 26 15:50:00 2021


Iteration log . . .
Iteration:     1    Scaled infeas =     314044524.575653
Iteration:   236    Scaled infeas =      39920054.629640
Iteration:   403    Scaled infeas =      22696600.674571
Iteration:   564    Scaled infeas =      18120725.940215
Iteration:   704    Scaled infeas =      11114352.918777
Iteration:   856    Scaled infeas =       8680612.045100
Iteration:   989    Scaled infeas =       5388352.965209
Iteration:  1115    Scaled infeas =       3502717.694991
Iteration:  1274    Scaled infeas =       1933613.383680
Switched to devex.
Iteration:  1409    Scaled infeas =       1102396.832308
Iteration:  1543    Scaled infeas =        207467.484310
Iteration:  1667    Scaled infeas =        126094.364737
Iteration:  1782    Scaled infeas =         32619.990189
Iteration:  1912    Scaled infeas =          9892.167741
Iteration:  2018    Scaled infeas =           110.394949
Markowitz threshold set to 0.1
Iteration:  2025    Scaled infeas =           110.395097
Iteration:  2034    Scaled infeas =           110.395018
Iteration:  2038    Scaled infeas =           110.395008
Iteration:  2167    Scaled infeas =             5.905442
Switched to steepest-edge.
Iteration:  2309    Scaled infeas =             5.905431
Iteration:  2314    Scaled infeas =             5.905424
Iteration:  2393    Scaled infeas =             5.904220
Iteration:  2398    Scaled infeas =             5.906461
Iteration:  2492    Scaled infeas =             5.905390
Iteration:  2506    Scaled infeas =             5.905422
Iteration:  2507    Scaled infeas =             5.905423
Iteration:  2612    Scaled infeas =             5.905224
Iteration:  2717    Scaled infeas =             3.614446
Iteration:  2803    Scaled infeas =             3.614980
Removing shift (545).

Dual simplex solved model.


Log for 'CPLEX' Clone_2 (V12.9.0.0) Fri Mar 26 15:50:00 2021

Symmetry aggregator did 1805 additional substitutions.

Iteration log . . .
Iteration:     1    Scaled infeas = 25098867469518.105469
Iteration:    42    Scaled infeas = 12837063270307.115234
Iteration:   267    Scaled infeas = 3125720323711.600586
Iteration:   453    Scaled infeas = 1472459372311.109863
Iteration:   655    Scaled infeas =  955012937117.419922
Iteration:   852    Scaled infeas =  431671612795.317627
Iteration:  1034    Scaled infeas =  381944574554.636230
Iteration:  1232    Scaled infeas =  221421929900.142578
Iteration:  1400    Scaled infeas =  199379153070.611572
Iteration:  1554    Scaled infeas =  118171859152.807770
Iteration:  1718    Scaled infeas =   96360224368.747482
Iteration:  1901    Scaled infeas =   66589434541.980293
Switched to devex.
Iteration:  2086    Scaled infeas =   28470674280.755203
Iteration:  2234    Scaled infeas =   15107164088.199532
Iteration:  2349    Scaled infeas =   11268476191.147385
Iteration:  2496    Scaled infeas =    5761198180.198640
Iteration:  2649    Scaled infeas =    4093559119.112014
Iteration:  2794    Scaled infeas =     554225673.175338
Iteration:  2946    Scaled infeas =      57479728.423625
Iteration:  3121    Scaled infeas =       4012542.392129
Iteration:  3273    Scaled infeas =        554194.280367
Iteration:  3429    Scaled infeas =        206229.936416
Iteration:  3591    Scaled infeas =            75.577186
Iteration:  3619    Scaled infeas =             0.000000
Iteration:  3620    Objective     = 2618123182429.261719
Iteration:  3803    Objective     =     129468345.140407
Iteration:  3804    Objective     =     101480326.619669
Removing shift (13).
Iteration:  3937    Scaled infeas =             0.000006
Iteration:  3980    Objective     =            -0.000000
Switched to steepest-edge.

Primal crossover.
  Primal:  Fixed no variables.
  Dual:  Fixing 128 variables.
      127 DMoves:  Infeasibility  1.77635684e-15  Objective  2.30967999e-07
        0 DMoves:  Infeasibility  0.00000000e+00  Objective  2.23517418e-07
  Dual:  Pushed 43, exchanged 85.
Switched to devex.
Removing shift (5).
Using devex.

Primal simplex solved model.


Log for 'CPLEX' Clone_2 (V12.9.0.0) Fri Mar 26 15:50:00 2021


Iteration log . . .
Iteration:     1    Scaled infeas =     214524311.766406
Iteration:   159    Scaled infeas =      45986362.677900
Iteration:   301    Scaled infeas =      28871654.163520
Iteration:   438    Scaled infeas =      15519079.864543
Iteration:   564    Scaled infeas =      11844783.736819
Iteration:   687    Scaled infeas =       9897699.351584
Iteration:   829    Scaled infeas =       4432747.890441
Iteration:   970    Scaled infeas =       3390394.481218
Switched to devex.
Iteration:  1095    Scaled infeas =       2204019.116518
Iteration:  1219    Scaled infeas =        965787.998809
Iteration:  1353    Scaled infeas =        373801.977215
Iteration:  1472    Scaled infeas =        242216.335412
Iteration:  1572    Scaled infeas =         69814.436230
Iteration:  1677    Scaled infeas =         48470.721414
Iteration:  1786    Scaled infeas =         36673.464604
Iteration:  1900    Scaled infeas =         10569.438552
Switched to steepest-edge.
Iteration:  2018    Scaled infeas =           768.248697
Iteration:  2092    Scaled infeas =           520.710174
Markowitz threshold set to 0.1
Iteration:  2175    Scaled infeas =           264.171569
Iteration:  2258    Scaled infeas =           182.329218
Iteration:  2331    Scaled infeas =           175.011403
Iteration:  2410    Scaled infeas =            52.056112
Iteration:  2480    Scaled infeas =            52.056110
Removing shift (292).

Dual simplex solved model.


Log for 'CPLEX' Clone_2 (V12.9.0.0) Fri Mar 26 15:50:00 2021

Symmetry aggregator did 1803 additional substitutions.

Iteration log . . .
Iteration:     1    Scaled infeas = 30918867718163.734375
Iteration:    22    Scaled infeas = 15561429228037.667969
Iteration:   253    Scaled infeas = 4383838391108.015137
Iteration:   457    Scaled infeas = 2275377401124.328613
Iteration:   638    Scaled infeas = 1806117034462.530029
Iteration:   829    Scaled infeas = 1500700842060.334229
Iteration:  1029    Scaled infeas =  879048604778.666260
Iteration:  1233    Scaled infeas =  297401508973.727295
Iteration:  1433    Scaled infeas =  125110104461.660553
Iteration:  1653    Scaled infeas =   57524643864.955101
Markowitz threshold set to 0.1
Iteration:  1687    Scaled infeas =   57524643864.955894
Iteration:  1689    Scaled infeas =   57524643864.955887
Iteration:  1692    Scaled infeas =   57524643864.955887
Iteration:  1835    Scaled infeas =   57524643864.955887
Iteration:  1837    Scaled infeas =   57524643864.956367
Iteration:  1839    Scaled infeas =   57524643864.956528
Iteration:  1985    Scaled infeas =   57524643864.955009
Switched to devex.
Iteration:  2109    Scaled infeas =   57524643864.955086
Iteration:  2281    Scaled infeas =    6978954555.263343
Iteration:  2323    Scaled infeas =    6978954555.265324
Iteration:  2455    Scaled infeas =    6978954555.263314
Iteration:  2589    Scaled infeas =    6937034679.228549
Iteration:  2592    Scaled infeas =    6937034679.229431
Iteration:  2654    Scaled infeas =    2650696733.482049
Iteration:  2656    Scaled infeas =    2650696733.482081
Iteration:  2661    Scaled infeas =    2650696733.484925
Iteration:  2812    Scaled infeas =    2650696733.481153
Iteration:  2841    Scaled infeas =    2650696733.483152
Iteration:  2854    Scaled infeas =    2650696733.481834
Iteration:  3010    Scaled infeas =    2650696733.481352
Iteration:  3019    Scaled infeas =    2650696733.484571
Iteration:  3153    Scaled infeas =    2650696733.481197
Iteration:  3167    Scaled infeas =    2650696733.484743
Iteration:  3174    Scaled infeas =    2591252740.392007
Iteration:  3302    Scaled infeas =    2591252740.389901
Iteration:  3317    Scaled infeas =    2509317491.998655
Iteration:  3320    Scaled infeas =    2509317491.998076
Iteration:  3483    Scaled infeas =     130411185.541517
Iteration:  3485    Scaled infeas =     130411185.543263
Iteration:  3625    Scaled infeas =     130411185.540317
Iteration:  3627    Scaled infeas =     130411185.542382
Iteration:  3760    Scaled infeas =     130411185.540322
Iteration:  3911    Scaled infeas =     130411185.540527
Iteration:  3914    Scaled infeas =     130411185.540525
Iteration:  3950    Scaled infeas =     130411185.544894
Perturbation started.
Switched to steepest-edge.
Iteration:  4001    Scaled infeas =     130411185.541630
Iteration:  4081    Scaled infeas =     130411185.540533
Iteration:  4100    Scaled infeas =     130411185.547180
Iteration:  4102    Scaled infeas =     130411185.547185
Iteration:  4104    Scaled infeas =     130411185.547175
Iteration:  4106    Scaled infeas =     130411185.553354
Iteration:  4200    Scaled infeas =     130411185.540350
Iteration:  4303    Scaled infeas =     130411185.540458
Iteration:  4444    Scaled infeas =      53382296.394572
Iteration:  4447    Scaled infeas =      53382296.394568
Removing perturbation.

Dual simplex solved model.


Log for 'COBRAProblem' Clone_2 (V12.9.0.0) Mon Mar 29 09:59:15 2021


Log for 'COBRAProblem' Clone_2 (V12.9.0.0) Mon Mar 29 09:59:40 2021


Log for 'COBRAProblem' Clone_2 (V12.9.0.0) Mon Mar 29 10:00:10 2021


Log for 'COBRAProblem' Clone_2 (V12.9.0.0) Mon Mar 29 10:00:34 2021


Log for 'COBRAProblem' Clone_2 (V12.9.0.0) Mon Mar 29 10:00:56 2021


Log for 'COBRAProblem' Clone_2 (V12.9.0.0) Mon Mar 29 10:01:16 2021


Log for 'COBRAProblem' Clone_2 (V12.9.0.0) Mon Mar 29 10:01:41 2021


Log for 'COBRAProblem' Clone_2 (V12.9.0.0) Mon Mar 29 10:12:48 2021


Log for 'COBRAProblem' Clone_2 (V12.9.0.0) Mon Mar 29 10:12:55 2021


Log for 'COBRAProblem' Clone_2 (V12.9.0.0) Mon Mar 29 10:13:05 2021


Log for 'COBRAProblem' Clone_2 (V12.9.0.0) Mon Mar 29 10:13:17 2021


Log for 'COBRAProblem' Clone_2 (V12.9.0.0) Mon Mar 29 11:04:21 2021


Log for 'COBRAProblem' Clone_2 (V12.9.0.0) Mon Mar 29 11:04:29 2021


Log for 'COBRAProblem' Clone_2 (V12.9.0.0) Mon Mar 29 11:04:30 2021


Log for 'COBRAProblem' Clone_2 (V12.9.0.0) Mon Mar 29 11:04:30 2021


Log for 'COBRAProblem' Clone_2 (V12.9.0.0) Mon Mar 29 11:04:30 2021


Log for '' Clone_2 (V12.9.0.0) Mon Mar 29 11:06:37 2021


Log for '' Clone_2 (V12.9.0.0) Mon Mar 29 11:06:39 2021


Log for 'CPLEX' Clone_2 (V12.9.0.0) Mon Mar 29 11:06:42 2021


Log for 'COBRAProblem' Clone_2 (V12.9.0.0) Mon Mar 29 11:07:19 2021


Log for 'COBRAProblem' Clone_2 (V12.9.0.0) Mon Mar 29 11:07:35 2021


Log for 'CPLEX' Clone_2 (V12.9.0.0) Mon Mar 29 11:07:35 2021


Iteration log . . .
Iteration:     1    Scaled infeas =     228048278.241636
Iteration:   198    Scaled infeas =      40053943.358485
Iteration:   343    Scaled infeas =      25541157.116043
Iteration:   498    Scaled infeas =      18416668.054812
Iteration:   645    Scaled infeas =      12476688.028709
Iteration:   800    Scaled infeas =       6767954.916183
Iteration:   945    Scaled infeas =       4394010.459377
Iteration:  1079    Scaled infeas =       2164068.520959
Iteration:  1209    Scaled infeas =       1250776.194180
Switched to devex.
Iteration:  1350    Scaled infeas =        891885.487091
Markowitz threshold set to 0.1
Iteration:  1460    Scaled infeas =        477124.570491
Iteration:  1584    Scaled infeas =        240680.623469
Iteration:  1695    Scaled infeas =        180106.567015
Iteration:  1806    Scaled infeas =          8984.852647
Iteration:  1883    Scaled infeas =          1002.343584
Iteration:  2003    Scaled infeas =           375.829137
Iteration:  2037    Scaled infeas =           315.312854
Iteration:  2038    Scaled infeas =           315.312854
Iteration:  2163    Scaled infeas =           110.973495
Iteration:  2295    Scaled infeas =             4.669297
Iteration:  2305    Scaled infeas =             4.669291
Iteration:  2320    Scaled infeas =             4.669241
Iteration:  2331    Scaled infeas =             4.669133
Iteration:  2393    Scaled infeas =             4.669063
Iteration:  2401    Scaled infeas =             4.669063
Iteration:  2411    Scaled infeas =             4.669058
Iteration:  2422    Scaled infeas =             4.668984
Iteration:  2426    Scaled infeas =             4.668976
Switched to steepest-edge.
Iteration:  2542    Scaled infeas =             3.656073
Iteration:  2627    Scaled infeas =             3.116425
Iteration:  2713    Scaled infeas =             3.099992
Iteration:  2717    Scaled infeas =             3.099991
Iteration:  2800    Scaled infeas =             3.099587
Removing shift (646).

Dual simplex solved model.


Log for 'CPLEX' Clone_2 (V12.9.0.0) Mon Mar 29 11:07:35 2021

Symmetry aggregator did 1803 additional substitutions.

Iteration log . . .
Iteration:     1    Scaled infeas = 28316403051148.023438
Iteration:    30    Scaled infeas = 12245705080230.257812
Iteration:   242    Scaled infeas = 2790098623278.354492
Iteration:   435    Scaled infeas = 1457103760258.664795
Iteration:   654    Scaled infeas =  910414807346.096313
Iteration:   834    Scaled infeas =  627333691065.884033
Iteration:  1017    Scaled infeas =  565821253721.828613
Iteration:  1215    Scaled infeas =  313604992757.234741
Iteration:  1408    Scaled infeas =  216921234541.897400
Iteration:  1629    Scaled infeas =  124357581418.983994
Iteration:  1818    Scaled infeas =   78679115176.185974
Iteration:  2004    Scaled infeas =   53610896016.355148
Switched to devex.
Iteration:  2217    Scaled infeas =   13261887152.706274
Iteration:  2398    Scaled infeas =    3135346732.867722
Iteration:  2560    Scaled infeas =      47381530.948338
Iteration:  2719    Scaled infeas =      10824015.370751
Iteration:  2845    Scaled infeas =        360845.039242
Iteration:  2950    Scaled infeas =        256780.298379
Iteration:  3130    Scaled infeas =          7496.149157
Removing shift (23).
Iteration:  3307    Objective     = 2214492326380.205078
Iteration:  3497    Objective     =      28278569.368640
Iteration:  3498    Objective     =       4553787.552050
Iteration:  3558    Scaled infeas =             0.000072

Primal crossover.
  Primal:  Fixed no variables.
  Dual:  Fixing 73 variables.
       72 DMoves:  Infeasibility  4.46309656e-14  Objective  0.00000000e+00
        0 DMoves:  Infeasibility  7.97510206e-15  Objective  0.00000000e+00
  Dual:  Pushed 24, exchanged 49.
Iteration:  3599    Scaled infeas =             0.000054
Switched to devex.
Iteration:  3836    Scaled infeas =             0.000054
Iteration:  4069    Scaled infeas =             0.000018
Iteration:  4311    Scaled infeas =             0.000018
Iteration:  4495    Scaled infeas =             0.000018
Perturbation started.
Iteration:  4508    Scaled infeas =             0.000060
Iteration:  4616    Scaled infeas =             0.000060
Iteration:  4617    Scaled infeas =             0.000060
Iteration:  4619    Objective     =            -0.000002
Removing perturbation.

Primal simplex solved model.


Log for 'CPLEX' Clone_2 (V12.9.0.0) Mon Mar 29 11:07:35 2021


Iteration log . . .
Iteration:     1    Scaled infeas =     200784127.127629
Iteration:   183    Scaled infeas =      45343963.337264
Iteration:   314    Scaled infeas =      30573625.334337
Iteration:   436    Scaled infeas =      19208940.046382
Iteration:   564    Scaled infeas =      14606489.429286
Iteration:   686    Scaled infeas =      11977200.793712
Iteration:   809    Scaled infeas =       6668484.527716
Iteration:   949    Scaled infeas =       2933231.798187
Switched to devex.
Iteration:  1087    Scaled infeas =       2236964.056298
Iteration:  1223    Scaled infeas =        982861.032599
Iteration:  1364    Scaled infeas =        354739.740317
Iteration:  1487    Scaled infeas =        184545.161070
Iteration:  1597    Scaled infeas =         58418.092222
Iteration:  1694    Scaled infeas =         43497.368983
Iteration:  1785    Scaled infeas =          3207.420959
Iteration:  1891    Scaled infeas =           790.757090
Switched to steepest-edge.
Iteration:  1988    Scaled infeas =           309.208158
Iteration:  2057    Scaled infeas =           307.548057
Iteration:  2119    Scaled infeas =           307.377764
Iteration:  2196    Scaled infeas =           289.582364
Iteration:  2271    Scaled infeas =            76.542021
Iteration:  2350    Scaled infeas =             3.002982
Iteration:  2444    Scaled infeas =             1.673446
Iteration:  2521    Scaled infeas =             0.925605
Iteration:  2608    Scaled infeas =             0.463700
Removing shift (146).

Dual simplex solved model.


Log for 'CPLEX' Clone_2 (V12.9.0.0) Mon Mar 29 11:07:35 2021

Symmetry aggregator did 1803 additional substitutions.

Iteration log . . .
Iteration:     1    Scaled infeas = 33577733255840.570312
Iteration:    30    Scaled infeas = 17952353610709.824219
Iteration:   250    Scaled infeas = 6117212377238.946289
Iteration:   427    Scaled infeas = 3539344820583.029297
Iteration:   615    Scaled infeas = 2075645997827.363770
Iteration:   786    Scaled infeas = 1492964114778.447754
Iteration:   978    Scaled infeas =  769388714421.164551
Iteration:  1148    Scaled infeas =  494857150877.426880
Iteration:  1315    Scaled infeas =  322190349544.842041
Iteration:  1469    Scaled infeas =  194962445440.022888
Markowitz threshold set to 0.1
Iteration:  1486    Scaled infeas =  194962445440.023682
Iteration:  1632    Scaled infeas =  194750833405.261169
Iteration:  1789    Scaled infeas =  190659616720.414764
Iteration:  2025    Scaled infeas =   79995012917.966553
Switched to devex.
Iteration:  2204    Scaled infeas =   52299720021.975662
Iteration:  2206    Scaled infeas =   52299720021.982178
Iteration:  2421    Scaled infeas =   17272106708.845810
Iteration:  2593    Scaled infeas =   17207281811.180817
Iteration:  2740    Scaled infeas =   17163224156.224232
Iteration:  2763    Scaled infeas =   17163224156.227375
Iteration:  2915    Scaled infeas =   17111870526.380163
Iteration:  3079    Scaled infeas =   16933250011.682285
Iteration:  3086    Scaled infeas =   16933250011.682913
Iteration:  3235    Scaled infeas =   16788664067.616365
Iteration:  3378    Scaled infeas =   16788664067.620392
Iteration:  3382    Scaled infeas =   16788664067.616545
Iteration:  3520    Scaled infeas =    9202731738.767176
Iteration:  3530    Scaled infeas =    9202731738.768747
Iteration:  3675    Scaled infeas =    9202731738.767115
Iteration:  3714    Scaled infeas =    9202731738.767599
Iteration:  3854    Scaled infeas =    5731258750.113006
Iteration:  3888    Scaled infeas =    4236810991.014136
Iteration:  4044    Scaled infeas =    4236810991.006822
Iteration:  4046    Scaled infeas =    4236810991.009739
Iteration:  4131    Scaled infeas =    4236810991.009508
Iteration:  4146    Scaled infeas =    4236810991.009455
Iteration:  4147    Scaled infeas =    4236810991.007124
Iteration:  4290    Scaled infeas =    3818154288.282179
Iteration:  4292    Scaled infeas =    3818154288.290758
Iteration:  4499    Scaled infeas =    3818154288.282053
Iteration:  4622    Scaled infeas =    3719437260.016849
Switched to steepest-edge.
Iteration:  4761    Scaled infeas =    3511584947.291656
Iteration:  4858    Scaled infeas =    3511584947.291945
Iteration:  4958    Scaled infeas =    3511495914.195647
Iteration:  5005    Scaled infeas =    3511468778.397868
Iteration:  5077    Scaled infeas =    3511468778.397692
Iteration:  5080    Scaled infeas =    3511468778.397254
Iteration:  5207    Scaled infeas =     600918529.247323
Iteration:  5325    Scaled infeas =     600918529.246849
Iteration:  5357    Scaled infeas =     595114671.091200
Iteration:  5486    Scaled infeas =     580178876.903034
Iteration:  5621    Scaled infeas =     356765479.839725
Iteration:  5750    Scaled infeas =     356765479.839188
Iteration:  5803    Scaled infeas =     356765479.838996
Iteration:  5929    Scaled infeas =      89998837.846031
Iteration:  6058    Scaled infeas =      14421265.589487
Iteration:  6174    Scaled infeas =      14421265.589452
Iteration:  6233    Scaled infeas =      14421265.589437
Iteration:  6377    Scaled infeas =        164467.244475
Iteration:  6512    Scaled infeas =        164039.964981
Iteration:  6643    Scaled infeas =        164039.963583
Iteration:  6653    Scaled infeas =        164039.970154
Iteration:  6764    Scaled infeas =        164039.961332
Iteration:  6898    Scaled infeas =        164039.957889
Iteration:  6947    Scaled infeas =        164039.957886
Iteration:  6950    Scaled infeas =        164039.957885
Iteration:  6975    Scaled infeas =        164039.957885
Iteration:  6982    Scaled infeas =        164039.957885
Iteration:  7105    Scaled infeas =        164039.961436
Iteration:  7116    Scaled infeas =        164039.961435
Iteration:  7244    Scaled infeas =        164039.960251
Iteration:  7374    Scaled infeas =        164039.959349
Iteration:  7403    Scaled infeas =        164039.959343
Iteration:  7533    Scaled infeas =        164007.757566
Iteration:  7675    Scaled infeas =        164007.757158
Iteration:  7688    Scaled infeas =        164007.757158
Iteration:  7807    Scaled infeas =        164007.744698
Iteration:  7922    Scaled infeas =        164007.744624
Iteration:  7925    Scaled infeas =        164007.744624
Iteration:  7938    Scaled infeas =        164007.760095
Iteration:  7961    Scaled infeas =        164007.758174
Iteration:  8051    Scaled infeas =        164007.757675
Iteration:  8081    Scaled infeas =        164011.543049
Iteration:  8267    Scaled infeas =        164007.935349
Iteration:  8413    Scaled infeas =        164007.881968
Iteration:  8455    Scaled infeas =        164007.881655
Perturbation started.
Iteration:  8501    Scaled infeas =        164007.761218
Iteration:  8622    Scaled infeas =        164007.757336
Iteration:  8673    Scaled infeas =        164007.757336
Iteration:  8780    Scaled infeas =        164007.757335
Iteration:  8845    Scaled infeas =        164007.757335
Iteration:  8962    Scaled infeas =        164007.757335
Iteration:  9090    Scaled infeas =        164007.757559
Iteration:  9203    Scaled infeas =        164007.736545
Iteration:  9244    Scaled infeas =        164007.790850
Iteration:  9405    Scaled infeas =        164007.759837
Iteration:  9541    Scaled infeas =        164007.758124
Iteration:  9550    Scaled infeas =        164007.761780
Iteration:  9553    Scaled infeas =        164007.759415
Iteration:  9670    Scaled infeas =        164007.759024
Iteration:  9682    Scaled infeas =        164007.759023
Iteration:  9803    Scaled infeas =        164007.751708
Iteration:  9934    Scaled infeas =        164007.750178
Iteration:  9995    Scaled infeas =        164007.746219
Iteration: 10110    Scaled infeas =        164007.757271
Iteration: 10283    Scaled infeas =        164007.745154
Iteration: 10324    Scaled infeas =        164007.745061
Removing perturbation.

Dual simplex solved model.

