
Log for '' Clone_1 (V12.9.0.0) Sun May  1 17:06:51 2022


Log for '' Clone_1 (V12.9.0.0) Sun May  1 17:06:51 2022


Log for '' Clone_1 (V12.9.0.0) Sun May  1 17:06:53 2022


Log for '' Clone_1 (V12.9.0.0) Sun May  1 17:06:53 2022


Log for 'CPLEX' Clone_1 (V12.9.0.0) Sun May  1 17:06:55 2022

Advanced basis not built.

Log for 'CPLEX' Clone_1 (V12.9.0.0) Sun May  1 17:12:41 2022

Tried aggregator 0 times.
Reduced presolve eliminated 3 rows and 6 columns.
Reduced LP has 1876 rows, 2971 columns, and 14612 nonzeros.
Presolve time = 0.01 sec. (3.63 ticks)
Symmetry aggregator did 344 additional substitutions.
Tried aggregator 0 times.
Reduced presolve eliminated 8 rows and 10 columns.
Reduced LP has 1696 rows, 2789 columns, and 14207 nonzeros.
Presolve time = 0.00 sec. (1.42 ticks)
Parallel mode: using up to 30 threads for barrier.

***NOTE: Found 3 dense columns.

Number of nonzeros in lower triangle of A*A' = 15797
Using Approximate Minimum Degree ordering
Total time for automatic ordering = 0.00 sec. (3.92 ticks)
Summary statistics for Cholesky factor:
  Threads                   = 30
  Rows in Factor            = 1699
  Integer space required    = 9803
  Total non-zeros in factor = 53396
  Total FP ops to factor    = 3227286
 Itn      Primal Obj        Dual Obj  Prim Inf Upper Inf  Dual Inf Inf Ratio
   0  -2.1401277e+07  -2.7174992e+09  3.46e+08  5.48e+07  3.39e+02  1.00e+00
   1  -2.1175424e+07  -2.6262938e+09  3.43e+08  5.43e+07  3.28e+02  2.28e-03
   2  -2.0797094e+07  -2.5595644e+09  3.37e+08  5.34e+07  3.19e+02  1.34e-03
   3  -1.8701119e+07  -2.4212721e+09  3.06e+08  4.85e+07  3.02e+02  5.72e-04
   4  -1.7010121e+07  -2.1110782e+09  2.82e+08  4.46e+07  2.63e+02  1.57e-04
   5  -1.5356101e+07  -2.0344219e+09  2.59e+08  4.10e+07  2.54e+02  8.60e-05
   6  -1.3453947e+07  -1.6673597e+09  2.31e+08  3.67e+07  2.08e+02  2.87e-05
   7  -1.0127713e+07  -1.2871524e+09  1.78e+08  2.82e+07  1.61e+02  1.89e-05
   8  -8.4235359e+06  -5.5567163e+08  1.49e+08  2.35e+07  6.94e+01  1.53e-05
   9  -5.0470616e+06  -2.1808736e+08  8.64e+07  1.37e+07  2.72e+01  2.38e-05
  10  -2.5546926e+06  -8.3041496e+07  4.19e+07  6.63e+06  1.03e+01  5.74e-05
  11  -1.3265685e+06  -5.3371117e+07  2.07e+07  3.28e+06  6.64e+00  8.48e-05
  12  -1.0368349e+06  -2.8610704e+07  1.60e+07  2.54e+06  3.56e+00  1.45e-04
  13  -9.0886704e+05  -2.3691382e+07  1.39e+07  2.20e+06  2.95e+00  1.74e-04
  14  -4.5823455e+05  -1.3123809e+07  6.84e+06  1.08e+06  1.63e+00  3.04e-04
  15  -3.3844509e+05  -8.8648500e+06  5.02e+06  7.96e+05  1.10e+00  4.28e-04
  16  -2.3715239e+05  -7.5719482e+06  3.50e+06  5.54e+05  9.40e-01  4.57e-04
  17  -1.3891951e+05  -4.7703145e+06  1.95e+06  3.08e+05  5.92e-01  7.65e-04
  18  -9.0139419e+04  -3.7985201e+06  1.25e+06  1.98e+05  4.71e-01  9.67e-04
  19  -6.0783364e+04  -2.2590145e+06  8.44e+05  1.34e+05  2.80e-01  1.61e-03
  20  -3.7907122e+04  -1.6020225e+06  5.15e+05  8.16e+04  1.99e-01  2.30e-03
  21  -1.6659124e+04  -6.2597848e+05  2.28e+05  3.62e+04  7.76e-02  5.61e-03
  22  -6.1830872e+03  -2.2355728e+05  8.34e+04  1.32e+04  2.77e-02  1.60e-02
  23  -2.3544534e+03  -9.8545673e+04  3.11e+04  4.93e+03  1.22e-02  3.74e-02
  24  -7.1172753e+02  -6.6381432e+04  9.11e+03  1.44e+03  8.22e-03  5.76e-02
  25  -2.6089628e+02  -2.5651278e+04  3.35e+03  5.31e+02  3.18e-03  1.54e-01
  26  -1.1155279e+02  -1.6387059e+04  1.52e+03  2.40e+02  2.03e-03  2.49e-01
  27  -4.6280261e+01  -6.9120935e+03  6.41e+02  1.01e+02  8.57e-04  7.05e-01
  28  -2.7231522e+01  -3.9736844e+03  3.69e+02  5.83e+01  4.94e-04  1.40e+00
  29  -1.0943819e+01  -1.4790192e+03  1.38e+02  2.17e+01  1.84e-04  5.79e+00
  30  -6.6116673e+00  -8.4548346e+02  7.96e+01  1.24e+01  1.08e-04  1.21e+01
  31  -2.8684515e+00  -2.8175459e+02  3.15e+01  4.76e+00  4.42e-05  5.50e+01
  32  -8.8385319e-01  -7.3917443e+01  9.40e+00  1.25e+00  1.49e-05  3.56e+02
  33  -7.1404905e-01  -5.9454954e+01  7.86e+00  1.00e+00  1.22e-05  4.55e+02
  34  -1.9403505e-01  -1.5440247e+01  3.22e+00  2.60e-01  7.70e-06  2.51e+03
  35  -1.9399537e-01  -1.5437064e+01  3.22e+00  2.60e-01  7.70e-06  2.51e+03
  36  -5.8631195e-02  -4.5797386e+00  2.07e+00  7.71e-02  6.34e-06  1.04e+04
  37  -2.2842788e-02  -1.2809686e+00  1.82e+00  2.94e-02  5.66e-06  3.30e+04
 Barrier aborted.
Barrier time = 0.17 sec. (66.43 ticks)
Barrier time = 0.17 sec. (66.79 ticks)

Dual simplex solved model.


Log for 'CPLEX' Clone_1 (V12.9.0.0) Sun May  1 17:12:41 2022

Tried aggregator 0 times.
Reduced presolve eliminated 33 rows and 40 columns.
Reduced LP has 4470 rows, 5439 columns, and 20520 nonzeros.
Presolve time = 0.01 sec. (2.58 ticks)
Parallel mode: using up to 30 threads for barrier.

***NOTE: Found 17 dense columns.

Number of nonzeros in lower triangle of A*A' = 31235
Using Approximate Minimum Degree ordering
Total time for automatic ordering = 0.01 sec. (3.42 ticks)
Summary statistics for Cholesky factor:
  Threads                   = 30
  Rows in Factor            = 4487
  Integer space required    = 17905
  Total non-zeros in factor = 85385
  Total FP ops to factor    = 4599269
 Itn      Primal Obj        Dual Obj  Prim Inf Upper Inf  Dual Inf Inf Ratio
   0   1.6924769e+14  -5.0932648e+15  2.95e+14  1.26e+14  2.75e+04  1.00e+00
   1   1.5758164e+14  -1.7191884e+15  1.96e+14  8.33e+13  9.74e+03  8.81e-12
   2   1.4203095e+14  -8.4068967e+14  1.30e+14  5.55e+13  5.06e+03  1.57e-11
   3   9.6612244e+13  -2.0397411e+14  3.78e+13  1.61e+13  1.55e+03  5.25e-11
   4   3.8378300e+13  -8.5175778e+13  1.37e+13  5.82e+12  6.73e+02  1.20e-10
   5   1.4261441e+13  -4.7288491e+13  4.57e+12  1.95e+12  3.81e+02  2.05e-10
   6   8.1451238e+12  -3.1124857e+13  1.99e+12  8.46e+11  2.59e+02  3.01e-10
   7   4.9112054e+12  -1.0678294e+13  7.65e+11  3.26e+11  1.03e+02  7.57e-10
   8   3.2585972e+12  -7.2186618e+12  4.51e+11  1.92e+11  7.25e+01  1.09e-09
   9   2.4064294e+12  -4.2115815e+12  3.02e+11  1.29e+11  4.49e+01  1.78e-09
  10   1.6394847e+12  -2.8452180e+12  1.92e+11  8.17e+10  3.13e+01  2.58e-09
  11   9.4911633e+11  -1.3189033e+12  9.88e+10  4.21e+10  1.57e+01  5.29e-09
  12   5.2148521e+11  -5.0597587e+11  5.19e+10  2.21e+10  6.36e+00  1.33e-08
  13   3.3766954e+11  -3.2945651e+11  3.35e+10  1.43e+10  4.16e+00  2.01e-08
  14   1.7092899e+11  -1.6004964e+11  1.66e+10  7.09e+09  2.06e+00  4.02e-08
  15   1.0194935e+11  -9.2582234e+10  9.91e+09  4.22e+09  1.19e+00  6.91e-08
  16   4.9133888e+10  -3.4609632e+10  4.81e+09  2.05e+09  4.40e-01  1.88e-07
  17   4.3234636e+10  -3.1369085e+10  4.23e+09  1.80e+09  4.00e-01  2.05e-07
  18   1.8748317e+10  -1.5645004e+10  1.89e+09  8.04e+08  1.93e-01  4.11e-07
  19   8.1896143e+09  -1.0775782e+10  8.33e+08  3.55e+08  1.32e-01  5.97e-07
  20   4.5233398e+09  -2.6283211e+09  4.40e+08  1.87e+08  3.60e-02  2.43e-06
  21   2.3513171e+09  -1.7439674e+09  2.39e+08  1.02e+08  2.27e-02  3.65e-06
  22   1.2451979e+09  -7.8399117e+08  1.27e+08  5.40e+07  1.02e-02  8.04e-06
  23   7.7638786e+08  -6.8528011e+08  8.12e+07  3.46e+07  8.79e-03  9.19e-06
  24   4.8461860e+08  -2.2123958e+08  5.07e+07  2.16e+07  2.84e-03  2.84e-05
  25   1.0417461e+08  -1.3187770e+08  1.19e+07  5.08e+06  1.62e-03  4.76e-05
  26   4.8065248e+07  -4.4939752e+07  5.32e+06  2.27e+06  5.75e-04  1.40e-04
  27   1.4471656e+07  -5.9159338e+06  1.59e+06  6.79e+05  7.69e-05  1.06e-03
  28   1.2660017e+06  -1.5206215e+06  1.51e+05  6.42e+04  1.87e-05  4.12e-03
  29   8.3440267e+04  -1.3757156e+05  9.94e+03  4.23e+03  1.69e-06  4.55e-02
  30   8.0034350e+03  -5.4067170e+04  8.01e+02  3.34e+02  6.76e-07  1.16e-01
 Barrier aborted.
Barrier time = 0.30 sec. (213.21 ticks)

Dual simplex solved model.

